{"/home/travis/build/npmtest/node-npmtest-localforage/test.js":{"path":"/home/travis/build/npmtest/node-npmtest-localforage/test.js","s":{"1":2,"2":2,"3":2,"4":2,"5":2,"6":2,"7":2,"8":1,"9":2,"10":2,"11":1,"12":1,"13":1,"14":1,"15":2,"16":2,"17":2,"18":2,"19":1,"20":1,"21":2,"22":2,"23":2,"24":1,"25":1,"26":1,"27":1,"28":1,"29":1,"30":1,"31":1,"32":1,"33":1,"34":1,"35":1,"36":1,"37":1,"38":1,"39":2,"40":2,"41":1,"42":2,"43":2,"44":1,"45":2,"46":2,"47":1,"48":2,"49":2,"50":1,"51":1,"52":1,"53":1,"54":1},"b":{"1":[2,1,1,1],"2":[1,1,1,1],"3":[1,1],"4":[1,1],"5":[1,1],"6":[1,1],"7":[1,1],"8":[1,1],"9":[1,1],"10":[1,1,1],"11":[1,1],"12":[1,1],"13":[1,1],"14":[1,1],"15":[1,1],"16":[1,1],"17":[1,1]},"f":{"1":2,"2":2,"3":2,"4":2,"5":2,"6":1,"7":1,"8":1,"9":2,"10":2,"11":2,"12":2,"13":1},"fnMap":{"1":{"name":"(anonymous_1)","line":12,"loc":{"start":{"line":12,"column":1},"end":{"line":12,"column":13}}},"2":{"name":"(anonymous_2)","line":19,"loc":{"start":{"line":19,"column":5},"end":{"line":19,"column":17}}},"3":{"name":"(anonymous_3)","line":23,"loc":{"start":{"line":23,"column":24},"end":{"line":23,"column":36}}},"4":{"name":"(anonymous_4)","line":61,"loc":{"start":{"line":61,"column":5},"end":{"line":61,"column":17}}},"5":{"name":"(anonymous_5)","line":82,"loc":{"start":{"line":82,"column":5},"end":{"line":82,"column":17}}},"6":{"name":"(anonymous_6)","line":91,"loc":{"start":{"line":91,"column":77},"end":{"line":94,"column":10}}},"7":{"name":"(anonymous_7)","line":112,"loc":{"start":{"line":112,"column":83},"end":{"line":115,"column":10}},"skip":true},"8":{"name":"(anonymous_8)","line":123,"loc":{"start":{"line":123,"column":77},"end":{"line":126,"column":10}},"skip":true},"9":{"name":"(anonymous_9)","line":139,"loc":{"start":{"line":139,"column":12},"end":{"line":139,"column":40}},"skip":true},"10":{"name":"(anonymous_10)","line":147,"loc":{"start":{"line":147,"column":77},"end":{"line":150,"column":10}},"skip":true},"11":{"name":"(anonymous_11)","line":158,"loc":{"start":{"line":158,"column":83},"end":{"line":161,"column":10}},"skip":true},"12":{"name":"(anonymous_12)","line":169,"loc":{"start":{"line":169,"column":79},"end":{"line":172,"column":10}},"skip":true},"13":{"name":"(anonymous_13)","line":180,"loc":{"start":{"line":180,"column":75},"end":{"line":183,"column":10}},"skip":true}},"statementMap":{"1":{"start":{"line":12,"column":0},"end":{"line":195,"column":5}},"2":{"start":{"line":14,"column":4},"end":{"line":14,"column":14}},"3":{"start":{"line":19,"column":4},"end":{"line":56,"column":9}},"4":{"start":{"line":21,"column":8},"end":{"line":21,"column":19}},"5":{"start":{"line":23,"column":8},"end":{"line":35,"column":13}},"6":{"start":{"line":24,"column":12},"end":{"line":34,"column":13}},"7":{"start":{"line":25,"column":16},"end":{"line":28,"column":30}},"8":{"start":{"line":30,"column":16},"end":{"line":33,"column":27}},"9":{"start":{"line":37,"column":8},"end":{"line":39,"column":21}},"10":{"start":{"line":40,"column":8},"end":{"line":53,"column":9}},"11":{"start":{"line":43,"column":12},"end":{"line":46,"column":14}},"12":{"start":{"line":47,"column":12},"end":{"line":47,"column":18}},"13":{"start":{"line":50,"column":12},"end":{"line":51,"column":46}},"14":{"start":{"line":52,"column":12},"end":{"line":52,"column":18}},"15":{"start":{"line":55,"column":8},"end":{"line":55,"column":35}},"16":{"start":{"line":61,"column":4},"end":{"line":63,"column":9}},"17":{"start":{"line":62,"column":8},"end":{"line":62,"column":15}},"18":{"start":{"line":64,"column":4},"end":{"line":77,"column":5}},"19":{"start":{"line":70,"column":8},"end":{"line":70,"column":14}},"20":{"start":{"line":76,"column":8},"end":{"line":76,"column":14}},"21":{"start":{"line":82,"column":4},"end":{"line":84,"column":9}},"22":{"start":{"line":83,"column":8},"end":{"line":83,"column":15}},"23":{"start":{"line":85,"column":4},"end":{"line":194,"column":5}},"24":{"start":{"line":91,"column":8},"end":{"line":99,"column":10}},"25":{"start":{"line":98,"column":12},"end":{"line":98,"column":35}},"26":{"start":{"line":102,"column":8},"end":{"line":104,"column":63}},"27":{"start":{"line":105,"column":8},"end":{"line":105,"column":14}},"28":{"start":{"line":112,"column":8},"end":{"line":121,"column":10},"skip":true},"29":{"start":{"line":119,"column":12},"end":{"line":119,"column":55},"skip":true},"30":{"start":{"line":120,"column":12},"end":{"line":120,"column":48},"skip":true},"31":{"start":{"line":123,"column":8},"end":{"line":136,"column":10},"skip":true},"32":{"start":{"line":130,"column":12},"end":{"line":130,"column":76},"skip":true},"33":{"start":{"line":131,"column":12},"end":{"line":131,"column":73},"skip":true},"34":{"start":{"line":132,"column":12},"end":{"line":132,"column":74},"skip":true},"35":{"start":{"line":133,"column":12},"end":{"line":133,"column":79},"skip":true},"36":{"start":{"line":134,"column":12},"end":{"line":134,"column":25},"skip":true},"37":{"start":{"line":135,"column":12},"end":{"line":135,"column":45},"skip":true},"38":{"start":{"line":138,"column":8},"end":{"line":145,"column":14},"skip":true},"39":{"start":{"line":143,"column":16},"end":{"line":143,"column":29},"skip":true},"40":{"start":{"line":144,"column":16},"end":{"line":144,"column":55},"skip":true},"41":{"start":{"line":147,"column":8},"end":{"line":156,"column":10},"skip":true},"42":{"start":{"line":154,"column":12},"end":{"line":154,"column":25},"skip":true},"43":{"start":{"line":155,"column":12},"end":{"line":155,"column":45},"skip":true},"44":{"start":{"line":158,"column":8},"end":{"line":167,"column":10},"skip":true},"45":{"start":{"line":165,"column":12},"end":{"line":165,"column":25},"skip":true},"46":{"start":{"line":166,"column":12},"end":{"line":166,"column":48},"skip":true},"47":{"start":{"line":169,"column":8},"end":{"line":178,"column":10},"skip":true},"48":{"start":{"line":176,"column":12},"end":{"line":176,"column":25},"skip":true},"49":{"start":{"line":177,"column":12},"end":{"line":177,"column":46},"skip":true},"50":{"start":{"line":180,"column":8},"end":{"line":189,"column":10},"skip":true},"51":{"start":{"line":187,"column":12},"end":{"line":187,"column":94},"skip":true},"52":{"start":{"line":188,"column":12},"end":{"line":188,"column":48},"skip":true},"53":{"start":{"line":192,"column":8},"end":{"line":192,"column":35},"skip":true},"54":{"start":{"line":193,"column":8},"end":{"line":193,"column":14},"skip":true}},"branchMap":{"1":{"line":25,"type":"binary-expr","locations":[{"start":{"line":25,"column":23},"end":{"line":25,"column":62}},{"start":{"line":26,"column":20},"end":{"line":26,"column":70}},{"start":{"line":27,"column":20},"end":{"line":27,"column":71}},{"start":{"line":28,"column":20},"end":{"line":28,"column":29}}]},"2":{"line":30,"type":"binary-expr","locations":[{"start":{"line":30,"column":23},"end":{"line":30,"column":37}},{"start":{"line":31,"column":20},"end":{"line":31,"column":61}},{"start":{"line":32,"column":20},"end":{"line":32,"column":70}},{"start":{"line":33,"column":20},"end":{"line":33,"column":26}}]},"3":{"line":37,"type":"cond-expr","locations":[{"start":{"line":38,"column":14},"end":{"line":38,"column":20}},{"start":{"line":39,"column":14},"end":{"line":39,"column":20}}]},"4":{"line":40,"type":"switch","locations":[{"start":{"line":42,"column":8},"end":{"line":47,"column":18}},{"start":{"line":49,"column":8},"end":{"line":52,"column":18}}]},"5":{"line":44,"type":"binary-expr","locations":[{"start":{"line":44,"column":16},"end":{"line":44,"column":44}},{"start":{"line":44,"column":48},"end":{"line":44,"column":66}}]},"6":{"line":50,"type":"binary-expr","locations":[{"start":{"line":50,"column":21},"end":{"line":50,"column":49}},{"start":{"line":50,"column":53},"end":{"line":50,"column":72}}]},"7":{"line":64,"type":"switch","locations":[{"start":{"line":69,"column":4},"end":{"line":70,"column":14}},{"start":{"line":75,"column":4},"end":{"line":76,"column":14}}]},"8":{"line":85,"type":"switch","locations":[{"start":{"line":90,"column":4},"end":{"line":105,"column":14}},{"start":{"line":111,"column":4},"end":{"line":193,"column":14},"skip":true}]},"9":{"line":91,"type":"binary-expr","locations":[{"start":{"line":91,"column":42},"end":{"line":91,"column":73}},{"start":{"line":91,"column":77},"end":{"line":99,"column":9}}]},"10":{"line":102,"type":"binary-expr","locations":[{"start":{"line":102,"column":18},"end":{"line":102,"column":32}},{"start":{"line":103,"column":12},"end":{"line":103,"column":53}},{"start":{"line":104,"column":12},"end":{"line":104,"column":61}}]},"11":{"line":112,"type":"binary-expr","locations":[{"start":{"line":112,"column":45},"end":{"line":112,"column":79},"skip":true},{"start":{"line":112,"column":83},"end":{"line":121,"column":9},"skip":true}]},"12":{"line":123,"type":"binary-expr","locations":[{"start":{"line":123,"column":42},"end":{"line":123,"column":73},"skip":true},{"start":{"line":123,"column":77},"end":{"line":136,"column":9},"skip":true}]},"13":{"line":138,"type":"binary-expr","locations":[{"start":{"line":138,"column":48},"end":{"line":138,"column":85},"skip":true},{"start":{"line":139,"column":12},"end":{"line":145,"column":13},"skip":true}]},"14":{"line":147,"type":"binary-expr","locations":[{"start":{"line":147,"column":42},"end":{"line":147,"column":73},"skip":true},{"start":{"line":147,"column":77},"end":{"line":156,"column":9},"skip":true}]},"15":{"line":158,"type":"binary-expr","locations":[{"start":{"line":158,"column":45},"end":{"line":158,"column":79},"skip":true},{"start":{"line":158,"column":83},"end":{"line":167,"column":9},"skip":true}]},"16":{"line":169,"type":"binary-expr","locations":[{"start":{"line":169,"column":43},"end":{"line":169,"column":75},"skip":true},{"start":{"line":169,"column":79},"end":{"line":178,"column":9},"skip":true}]},"17":{"line":180,"type":"binary-expr","locations":[{"start":{"line":180,"column":41},"end":{"line":180,"column":71},"skip":true},{"start":{"line":180,"column":75},"end":{"line":189,"column":9},"skip":true}]}},"code":["/* istanbul instrument in package npmtest_localforage */","/*jslint","    bitwise: true,","    browser: true,","    maxerr: 8,","    maxlen: 96,","    node: true,","    nomen: true,","    regexp: true,","    stupid: true","*/","(function () {","    'use strict';","    var local;","","","","    // run shared js-env code - pre-init","    (function () {","        // init local","        local = {};","        // init modeJs","        local.modeJs = (function () {","            try {","                return typeof navigator.userAgent === 'string' &&","                    typeof document.querySelector('body') === 'object' &&","                    typeof XMLHttpRequest.prototype.open === 'function' &&","                    'browser';","            } catch (errorCaughtBrowser) {","                return module.exports &&","                    typeof process.versions.node === 'string' &&","                    typeof require('http').createServer === 'function' &&","                    'node';","            }","        }());","        // init global","        local.global = local.modeJs === 'browser'","            ? window","            : global;","        switch (local.modeJs) {","        // re-init local from window.local","        case 'browser':","            local = local.global.utility2.objectSetDefault(","                local.global.utility2_rollup || local.global.local,","                local.global.utility2","            );","            break;","        // re-init local from example.js","        case 'node':","            local = (local.global.utility2_rollup || require('utility2'))","                .requireExampleJsFromReadme();","            break;","        }","        // export local","        local.global.local = local;","    }());","","","","    // run shared js-env code - function","    (function () {","        return;","    }());","    switch (local.modeJs) {","","","","    // run browser js-env code - function","    case 'browser':","        break;","","","","    // run node js-env code - function","    case 'node':","        break;","    }","","","","    // run shared js-env code - post-init","    (function () {","        return;","    }());","    switch (local.modeJs) {","","","","    // run browser js-env code - post-init","    case 'browser':","        local.testCase_browser_nullCase = local.testCase_browser_nullCase || function (","            options,","            onError","        ) {","        /*","         * this function will test browsers's null-case handling-behavior-behavior","         */","            onError(null, options);","        };","","        // run tests","        local.nop(local.modeTest &&","            document.querySelector('#testRunButton1') &&","            document.querySelector('#testRunButton1').click());","        break;","","","","    // run node js-env code - post-init","    /* istanbul ignore next */","    case 'node':","        local.testCase_buildApidoc_default = local.testCase_buildApidoc_default || function (","            options,","            onError","        ) {","        /*","         * this function will test buildApidoc's default handling-behavior-behavior","         */","            options = { modulePathList: module.paths };","            local.buildApidoc(options, onError);","        };","","        local.testCase_buildApp_default = local.testCase_buildApp_default || function (","            options,","            onError","        ) {","        /*","         * this function will test buildApp's default handling-behavior-behavior","         */","            local.testCase_buildReadme_default(options, local.onErrorThrow);","            local.testCase_buildLib_default(options, local.onErrorThrow);","            local.testCase_buildTest_default(options, local.onErrorThrow);","            local.testCase_buildCustomOrg_default(options, local.onErrorThrow);","            options = [];","            local.buildApp(options, onError);","        };","","        local.testCase_buildCustomOrg_default = local.testCase_buildCustomOrg_default ||","            function (options, onError) {","            /*","             * this function will test buildCustomOrg's default handling-behavior","             */","                options = {};","                local.buildCustomOrg(options, onError);","            };","","        local.testCase_buildLib_default = local.testCase_buildLib_default || function (","            options,","            onError","        ) {","        /*","         * this function will test buildLib's default handling-behavior","         */","            options = {};","            local.buildLib(options, onError);","        };","","        local.testCase_buildReadme_default = local.testCase_buildReadme_default || function (","            options,","            onError","        ) {","        /*","         * this function will test buildReadme's default handling-behavior-behavior","         */","            options = {};","            local.buildReadme(options, onError);","        };","","        local.testCase_buildTest_default = local.testCase_buildTest_default || function (","            options,","            onError","        ) {","        /*","         * this function will test buildTest's default handling-behavior","         */","            options = {};","            local.buildTest(options, onError);","        };","","        local.testCase_webpage_default = local.testCase_webpage_default || function (","            options,","            onError","        ) {","        /*","         * this function will test webpage's default handling-behavior","         */","            options = { modeCoverageMerge: true, url: local.serverLocalHost + '?modeTest=1' };","            local.browserTest(options, onError);","        };","","        // run test-server","        local.testRunServer(local);","        break;","    }","}());",""],"l":{"12":2,"14":2,"19":2,"21":2,"23":2,"24":2,"25":2,"30":1,"37":2,"40":2,"43":1,"47":1,"50":1,"52":1,"55":2,"61":2,"62":2,"64":2,"70":1,"76":1,"82":2,"83":2,"85":2,"91":1,"98":1,"102":1,"105":1,"112":1,"119":1,"120":1,"123":1,"130":1,"131":1,"132":1,"133":1,"134":1,"135":1,"138":1,"143":2,"144":2,"147":1,"154":2,"155":2,"158":1,"165":2,"166":2,"169":1,"176":2,"177":2,"180":1,"187":1,"188":1,"192":1,"193":1}},"/home/travis/build/npmtest/node-npmtest-localforage/lib.npmtest_localforage.js":{"path":"/home/travis/build/npmtest/node-npmtest-localforage/lib.npmtest_localforage.js","s":{"1":2,"2":2,"3":2,"4":2,"5":2,"6":2,"7":2,"8":1,"9":2,"10":2,"11":2,"12":2,"13":1,"14":1,"15":1,"16":1},"b":{"1":[2,1,1,1],"2":[1,1,1,1],"3":[1,1],"4":[2,2],"5":[1,1]},"f":{"1":2,"2":2,"3":2},"fnMap":{"1":{"name":"(anonymous_1)","line":12,"loc":{"start":{"line":12,"column":1},"end":{"line":12,"column":13}}},"2":{"name":"(anonymous_2)","line":19,"loc":{"start":{"line":19,"column":5},"end":{"line":19,"column":17}}},"3":{"name":"(anonymous_3)","line":23,"loc":{"start":{"line":23,"column":24},"end":{"line":23,"column":36}}}},"statementMap":{"1":{"start":{"line":12,"column":0},"end":{"line":53,"column":5}},"2":{"start":{"line":14,"column":4},"end":{"line":14,"column":14}},"3":{"start":{"line":19,"column":4},"end":{"line":52,"column":9}},"4":{"start":{"line":21,"column":8},"end":{"line":21,"column":19}},"5":{"start":{"line":23,"column":8},"end":{"line":35,"column":13}},"6":{"start":{"line":24,"column":12},"end":{"line":34,"column":13}},"7":{"start":{"line":25,"column":16},"end":{"line":28,"column":30}},"8":{"start":{"line":30,"column":16},"end":{"line":33,"column":27}},"9":{"start":{"line":37,"column":8},"end":{"line":39,"column":21}},"10":{"start":{"line":41,"column":8},"end":{"line":41,"column":54}},"11":{"start":{"line":43,"column":8},"end":{"line":43,"column":56}},"12":{"start":{"line":45,"column":8},"end":{"line":51,"column":9}},"13":{"start":{"line":46,"column":12},"end":{"line":46,"column":62}},"14":{"start":{"line":48,"column":12},"end":{"line":48,"column":35}},"15":{"start":{"line":49,"column":12},"end":{"line":49,"column":49}},"16":{"start":{"line":50,"column":12},"end":{"line":50,"column":43}}},"branchMap":{"1":{"line":25,"type":"binary-expr","locations":[{"start":{"line":25,"column":23},"end":{"line":25,"column":62}},{"start":{"line":26,"column":20},"end":{"line":26,"column":70}},{"start":{"line":27,"column":20},"end":{"line":27,"column":71}},{"start":{"line":28,"column":20},"end":{"line":28,"column":29}}]},"2":{"line":30,"type":"binary-expr","locations":[{"start":{"line":30,"column":23},"end":{"line":30,"column":37}},{"start":{"line":31,"column":20},"end":{"line":31,"column":61}},{"start":{"line":32,"column":20},"end":{"line":32,"column":70}},{"start":{"line":33,"column":20},"end":{"line":33,"column":26}}]},"3":{"line":37,"type":"cond-expr","locations":[{"start":{"line":38,"column":14},"end":{"line":38,"column":20}},{"start":{"line":39,"column":14},"end":{"line":39,"column":20}}]},"4":{"line":41,"type":"binary-expr","locations":[{"start":{"line":41,"column":16},"end":{"line":41,"column":44}},{"start":{"line":41,"column":48},"end":{"line":41,"column":53}}]},"5":{"line":45,"type":"if","locations":[{"start":{"line":45,"column":8},"end":{"line":45,"column":8}},{"start":{"line":45,"column":8},"end":{"line":45,"column":8}}]}},"code":["/* istanbul instrument in package npmtest_localforage */","/*jslint","    bitwise: true,","    browser: true,","    maxerr: 8,","    maxlen: 96,","    node: true,","    nomen: true,","    regexp: true,","    stupid: true","*/","(function () {","    'use strict';","    var local;","","","","    // run shared js-env code - pre-init","    (function () {","        // init local","        local = {};","        // init modeJs","        local.modeJs = (function () {","            try {","                return typeof navigator.userAgent === 'string' &&","                    typeof document.querySelector('body') === 'object' &&","                    typeof XMLHttpRequest.prototype.open === 'function' &&","                    'browser';","            } catch (errorCaughtBrowser) {","                return module.exports &&","                    typeof process.versions.node === 'string' &&","                    typeof require('http').createServer === 'function' &&","                    'node';","            }","        }());","        // init global","        local.global = local.modeJs === 'browser'","            ? window","            : global;","        // init utility2_rollup","        local = local.global.utility2_rollup || local;","        // init lib","        local.local = local.npmtest_localforage = local;","        // init exports","        if (local.modeJs === 'browser') {","            local.global.utility2_npmtest_localforage = local;","        } else {","            module.exports = local;","            module.exports.__dirname = __dirname;","            module.exports.module = module;","        }","    }());","}());",""],"l":{"12":2,"14":2,"19":2,"21":2,"23":2,"24":2,"25":2,"30":1,"37":2,"41":2,"43":2,"45":2,"46":1,"48":1,"49":1,"50":1}},"/home/travis/build/npmtest/node-npmtest-localforage/example.js":{"path":"/home/travis/build/npmtest/node-npmtest-localforage/example.js","s":{"1":2,"2":2,"3":2,"4":2,"5":2,"6":2,"7":2,"8":1,"9":2,"10":2,"11":2,"12":2,"13":1,"14":2,"15":2,"16":2,"17":2,"18":2,"19":0,"20":2,"21":1,"22":1,"23":1,"24":1,"25":1,"26":0,"27":0,"28":1,"29":1,"30":2,"31":0,"32":0,"33":0,"34":1,"35":2,"36":2,"37":3,"38":3,"39":3,"40":3,"41":0,"42":3,"43":3,"44":3,"45":1,"46":3,"47":1,"48":1,"49":1,"50":1,"51":1,"52":1,"53":1,"54":1,"55":1,"56":1,"57":0,"58":1,"59":6,"60":6,"61":1,"62":2,"63":0,"64":2,"65":1,"66":1,"67":0,"68":0,"69":0,"70":0,"71":0,"72":0,"73":0,"74":0,"75":0,"76":0,"77":0,"78":0,"79":0,"80":0,"81":0,"82":0,"83":0},"b":{"1":[2,1,1,1],"2":[1,1,1,1],"3":[1,1],"4":[2,2],"5":[1,1],"6":[1,1],"7":[2,0],"8":[2,1,1,1,1,1],"9":[0,2,0],"10":[1,1],"11":[2,1,1],"12":[1,0],"13":[0,2],"14":[2,0,0,0,0,0,0],"15":[0,3],"16":[3,0],"17":[1,1],"18":[0,1],"19":[1,2,0,2],"20":[1,0],"21":[1,1],"22":[0,0],"23":[0,0],"24":[0,0],"25":[0,0],"26":[0,0],"27":[0,0],"28":[0,0]},"f":{"1":2,"2":2,"3":2,"4":2,"5":2,"6":2,"7":3,"8":3,"9":3,"10":1,"11":6,"12":0},"fnMap":{"1":{"name":"(anonymous_1)","line":26,"loc":{"start":{"line":26,"column":1},"end":{"line":26,"column":13}}},"2":{"name":"(anonymous_2)","line":33,"loc":{"start":{"line":33,"column":5},"end":{"line":33,"column":17}}},"3":{"name":"(anonymous_3)","line":37,"loc":{"start":{"line":37,"column":24},"end":{"line":37,"column":36}}},"4":{"name":"(anonymous_4)","line":69,"loc":{"start":{"line":69,"column":31},"end":{"line":69,"column":48}},"skip":true},"5":{"name":"(anonymous_5)","line":78,"loc":{"start":{"line":78,"column":26},"end":{"line":78,"column":45}},"skip":true},"6":{"name":"(anonymous_6)","line":123,"loc":{"start":{"line":123,"column":33},"end":{"line":123,"column":48}},"skip":true},"7":{"name":"(anonymous_7)","line":125,"loc":{"start":{"line":125,"column":27},"end":{"line":125,"column":39}},"skip":true},"8":{"name":"(anonymous_8)","line":133,"loc":{"start":{"line":133,"column":59},"end":{"line":133,"column":74}},"skip":true},"9":{"name":"(anonymous_9)","line":143,"loc":{"start":{"line":143,"column":45},"end":{"line":143,"column":62}},"skip":true},"10":{"name":"(anonymous_10)","line":144,"loc":{"start":{"line":144,"column":73},"end":{"line":144,"column":92}},"skip":true},"11":{"name":"(anonymous_11)","line":272,"loc":{"start":{"line":272,"column":51},"end":{"line":272,"column":77}},"skip":true},"12":{"name":"(anonymous_12)","line":315,"loc":{"start":{"line":315,"column":32},"end":{"line":315,"column":61}},"skip":true}},"statementMap":{"1":{"start":{"line":26,"column":0},"end":{"line":326,"column":5}},"2":{"start":{"line":28,"column":4},"end":{"line":28,"column":14}},"3":{"start":{"line":33,"column":4},"end":{"line":60,"column":9}},"4":{"start":{"line":35,"column":8},"end":{"line":35,"column":19}},"5":{"start":{"line":37,"column":8},"end":{"line":49,"column":13}},"6":{"start":{"line":38,"column":12},"end":{"line":48,"column":13}},"7":{"start":{"line":39,"column":16},"end":{"line":42,"column":30}},"8":{"start":{"line":44,"column":16},"end":{"line":47,"column":27}},"9":{"start":{"line":51,"column":8},"end":{"line":53,"column":21}},"10":{"start":{"line":55,"column":8},"end":{"line":57,"column":45}},"11":{"start":{"line":59,"column":8},"end":{"line":59,"column":35}},"12":{"start":{"line":61,"column":4},"end":{"line":325,"column":5}},"13":{"start":{"line":69,"column":8},"end":{"line":121,"column":10},"skip":true},"14":{"start":{"line":70,"column":12},"end":{"line":88,"column":13},"skip":true},"15":{"start":{"line":76,"column":16},"end":{"line":87,"column":19},"skip":true},"16":{"start":{"line":79,"column":20},"end":{"line":86,"column":21},"skip":true},"17":{"start":{"line":82,"column":24},"end":{"line":82,"column":43},"skip":true},"18":{"start":{"line":83,"column":24},"end":{"line":83,"column":30},"skip":true},"19":{"start":{"line":85,"column":24},"end":{"line":85,"column":49},"skip":true},"20":{"start":{"line":89,"column":12},"end":{"line":107,"column":13},"skip":true},"21":{"start":{"line":92,"column":16},"end":{"line":102,"column":17},"skip":true},"22":{"start":{"line":93,"column":20},"end":{"line":93,"column":86},"skip":true},"23":{"start":{"line":94,"column":20},"end":{"line":95,"column":45},"skip":true},"24":{"start":{"line":96,"column":20},"end":{"line":96,"column":42},"skip":true},"25":{"start":{"line":97,"column":20},"end":{"line":97,"column":48},"skip":true},"26":{"start":{"line":100,"column":20},"end":{"line":100,"column":85},"skip":true},"27":{"start":{"line":101,"column":20},"end":{"line":101,"column":96},"skip":true},"28":{"start":{"line":103,"column":16},"end":{"line":103,"column":22},"skip":true},"29":{"start":{"line":106,"column":16},"end":{"line":106,"column":22},"skip":true},"30":{"start":{"line":108,"column":12},"end":{"line":120,"column":13},"skip":true},"31":{"start":{"line":114,"column":16},"end":{"line":119,"column":17},"skip":true},"32":{"start":{"line":116,"column":20},"end":{"line":116,"column":78},"skip":true},"33":{"start":{"line":118,"column":20},"end":{"line":118,"column":47},"skip":true},"34":{"start":{"line":123,"column":8},"end":{"line":141,"column":11},"skip":true},"35":{"start":{"line":124,"column":12},"end":{"line":124,"column":54},"skip":true},"36":{"start":{"line":125,"column":12},"end":{"line":140,"column":14},"skip":true},"37":{"start":{"line":126,"column":16},"end":{"line":126,"column":28},"skip":true},"38":{"start":{"line":127,"column":16},"end":{"line":127,"column":69},"skip":true},"39":{"start":{"line":128,"column":16},"end":{"line":128,"column":75},"skip":true},"40":{"start":{"line":129,"column":16},"end":{"line":131,"column":17},"skip":true},"41":{"start":{"line":130,"column":20},"end":{"line":130,"column":27},"skip":true},"42":{"start":{"line":133,"column":16},"end":{"line":137,"column":36},"skip":true},"43":{"start":{"line":134,"column":20},"end":{"line":136,"column":55},"skip":true},"44":{"start":{"line":139,"column":16},"end":{"line":139,"column":57},"skip":true},"45":{"start":{"line":143,"column":8},"end":{"line":147,"column":11},"skip":true},"46":{"start":{"line":144,"column":12},"end":{"line":146,"column":15},"skip":true},"47":{"start":{"line":145,"column":16},"end":{"line":145,"column":70},"skip":true},"48":{"start":{"line":149,"column":8},"end":{"line":149,"column":31},"skip":true},"49":{"start":{"line":150,"column":8},"end":{"line":150,"column":14},"skip":true},"50":{"start":{"line":158,"column":8},"end":{"line":158,"column":31},"skip":true},"51":{"start":{"line":160,"column":8},"end":{"line":160,"column":33},"skip":true},"52":{"start":{"line":161,"column":8},"end":{"line":161,"column":37},"skip":true},"53":{"start":{"line":162,"column":8},"end":{"line":162,"column":35},"skip":true},"54":{"start":{"line":164,"column":8},"end":{"line":164,"column":50},"skip":true},"55":{"start":{"line":166,"column":8},"end":{"line":256,"column":2},"skip":true},"56":{"start":{"line":258,"column":8},"end":{"line":286,"column":9},"skip":true},"57":{"start":{"line":259,"column":12},"end":{"line":269,"column":14},"skip":true},"58":{"start":{"line":271,"column":12},"end":{"line":285,"column":19},"skip":true},"59":{"start":{"line":274,"column":20},"end":{"line":274,"column":35},"skip":true},"60":{"start":{"line":275,"column":20},"end":{"line":284,"column":21},"skip":true},"61":{"start":{"line":277,"column":24},"end":{"line":277,"column":64},"skip":true},"62":{"start":{"line":279,"column":24},"end":{"line":279,"column":40},"skip":true},"63":{"start":{"line":281,"column":24},"end":{"line":281,"column":40},"skip":true},"64":{"start":{"line":283,"column":24},"end":{"line":283,"column":39},"skip":true},"65":{"start":{"line":288,"column":8},"end":{"line":290,"column":9},"skip":true},"66":{"start":{"line":289,"column":12},"end":{"line":289,"column":18},"skip":true},"67":{"start":{"line":291,"column":8},"end":{"line":293,"column":54},"skip":true},"68":{"start":{"line":296,"column":8},"end":{"line":301,"column":37},"skip":true},"69":{"start":{"line":303,"column":8},"end":{"line":303,"column":82},"skip":true},"70":{"start":{"line":306,"column":8},"end":{"line":308,"column":9},"skip":true},"71":{"start":{"line":307,"column":12},"end":{"line":307,"column":82},"skip":true},"72":{"start":{"line":310,"column":8},"end":{"line":312,"column":9},"skip":true},"73":{"start":{"line":311,"column":12},"end":{"line":311,"column":18},"skip":true},"74":{"start":{"line":313,"column":8},"end":{"line":313,"column":54},"skip":true},"75":{"start":{"line":314,"column":8},"end":{"line":314,"column":69},"skip":true},"76":{"start":{"line":315,"column":8},"end":{"line":323,"column":36},"skip":true},"77":{"start":{"line":316,"column":12},"end":{"line":316,"column":61},"skip":true},"78":{"start":{"line":317,"column":12},"end":{"line":320,"column":13},"skip":true},"79":{"start":{"line":318,"column":16},"end":{"line":318,"column":75},"skip":true},"80":{"start":{"line":319,"column":16},"end":{"line":319,"column":23},"skip":true},"81":{"start":{"line":321,"column":12},"end":{"line":321,"column":38},"skip":true},"82":{"start":{"line":322,"column":12},"end":{"line":322,"column":27},"skip":true},"83":{"start":{"line":324,"column":8},"end":{"line":324,"column":14},"skip":true}},"branchMap":{"1":{"line":39,"type":"binary-expr","locations":[{"start":{"line":39,"column":23},"end":{"line":39,"column":62}},{"start":{"line":40,"column":20},"end":{"line":40,"column":70}},{"start":{"line":41,"column":20},"end":{"line":41,"column":71}},{"start":{"line":42,"column":20},"end":{"line":42,"column":29}}]},"2":{"line":44,"type":"binary-expr","locations":[{"start":{"line":44,"column":23},"end":{"line":44,"column":37}},{"start":{"line":45,"column":20},"end":{"line":45,"column":61}},{"start":{"line":46,"column":20},"end":{"line":46,"column":70}},{"start":{"line":47,"column":20},"end":{"line":47,"column":26}}]},"3":{"line":51,"type":"cond-expr","locations":[{"start":{"line":52,"column":14},"end":{"line":52,"column":20}},{"start":{"line":53,"column":14},"end":{"line":53,"column":20}}]},"4":{"line":55,"type":"binary-expr","locations":[{"start":{"line":55,"column":16},"end":{"line":55,"column":44}},{"start":{"line":55,"column":49},"end":{"line":57,"column":43}}]},"5":{"line":55,"type":"cond-expr","locations":[{"start":{"line":56,"column":14},"end":{"line":56,"column":55}},{"start":{"line":57,"column":14},"end":{"line":57,"column":43}}]},"6":{"line":61,"type":"switch","locations":[{"start":{"line":68,"column":4},"end":{"line":150,"column":14},"skip":true},{"start":{"line":156,"column":4},"end":{"line":324,"column":14},"skip":true}]},"7":{"line":70,"type":"if","locations":[{"start":{"line":70,"column":12},"end":{"line":70,"column":12},"skip":true},{"start":{"line":70,"column":12},"end":{"line":70,"column":12},"skip":true}]},"8":{"line":70,"type":"binary-expr","locations":[{"start":{"line":70,"column":16},"end":{"line":70,"column":22},"skip":true},{"start":{"line":70,"column":27},"end":{"line":70,"column":32},"skip":true},{"start":{"line":71,"column":20},"end":{"line":71,"column":39},"skip":true},{"start":{"line":72,"column":20},"end":{"line":72,"column":49},"skip":true},{"start":{"line":73,"column":20},"end":{"line":73,"column":58},"skip":true},{"start":{"line":74,"column":20},"end":{"line":74,"column":69},"skip":true}]},"9":{"line":79,"type":"switch","locations":[{"start":{"line":80,"column":20},"end":{"line":80,"column":33},"skip":true},{"start":{"line":81,"column":20},"end":{"line":83,"column":30},"skip":true},{"start":{"line":84,"column":20},"end":{"line":85,"column":49},"skip":true}]},"10":{"line":89,"type":"switch","locations":[{"start":{"line":90,"column":12},"end":{"line":103,"column":22},"skip":true},{"start":{"line":105,"column":12},"end":{"line":106,"column":22},"skip":true}]},"11":{"line":89,"type":"binary-expr","locations":[{"start":{"line":89,"column":20},"end":{"line":89,"column":25},"skip":true},{"start":{"line":89,"column":29},"end":{"line":89,"column":48},"skip":true},{"start":{"line":89,"column":52},"end":{"line":89,"column":74},"skip":true}]},"12":{"line":92,"type":"if","locations":[{"start":{"line":92,"column":16},"end":{"line":92,"column":16},"skip":true},{"start":{"line":92,"column":16},"end":{"line":92,"column":16},"skip":true}]},"13":{"line":108,"type":"if","locations":[{"start":{"line":108,"column":12},"end":{"line":108,"column":12},"skip":true},{"start":{"line":108,"column":12},"end":{"line":108,"column":12},"skip":true}]},"14":{"line":108,"type":"binary-expr","locations":[{"start":{"line":108,"column":16},"end":{"line":108,"column":61},"skip":true},{"start":{"line":108,"column":66},"end":{"line":108,"column":72},"skip":true},{"start":{"line":108,"column":77},"end":{"line":108,"column":82},"skip":true},{"start":{"line":109,"column":20},"end":{"line":109,"column":39},"skip":true},{"start":{"line":110,"column":20},"end":{"line":110,"column":49},"skip":true},{"start":{"line":111,"column":20},"end":{"line":111,"column":58},"skip":true},{"start":{"line":112,"column":20},"end":{"line":112,"column":68},"skip":true}]},"15":{"line":129,"type":"if","locations":[{"start":{"line":129,"column":16},"end":{"line":129,"column":16},"skip":true},{"start":{"line":129,"column":16},"end":{"line":129,"column":16},"skip":true}]},"16":{"line":134,"type":"cond-expr","locations":[{"start":{"line":135,"column":26},"end":{"line":135,"column":29},"skip":true},{"start":{"line":136,"column":26},"end":{"line":136,"column":54},"skip":true}]},"17":{"line":164,"type":"binary-expr","locations":[{"start":{"line":164,"column":27},"end":{"line":164,"column":43},"skip":true},{"start":{"line":164,"column":47},"end":{"line":164,"column":49},"skip":true}]},"18":{"line":258,"type":"if","locations":[{"start":{"line":258,"column":8},"end":{"line":258,"column":8},"skip":true},{"start":{"line":258,"column":8},"end":{"line":258,"column":8},"skip":true}]},"19":{"line":275,"type":"switch","locations":[{"start":{"line":276,"column":20},"end":{"line":277,"column":64},"skip":true},{"start":{"line":278,"column":20},"end":{"line":279,"column":40},"skip":true},{"start":{"line":280,"column":20},"end":{"line":281,"column":40},"skip":true},{"start":{"line":282,"column":20},"end":{"line":283,"column":39},"skip":true}]},"20":{"line":288,"type":"if","locations":[{"start":{"line":288,"column":8},"end":{"line":288,"column":8},"skip":true},{"start":{"line":288,"column":8},"end":{"line":288,"column":8},"skip":true}]},"21":{"line":288,"type":"binary-expr","locations":[{"start":{"line":288,"column":12},"end":{"line":288,"column":40},"skip":true},{"start":{"line":288,"column":44},"end":{"line":288,"column":67},"skip":true}]},"22":{"line":292,"type":"binary-expr","locations":[{"start":{"line":292,"column":12},"end":{"line":292,"column":50},"skip":true},{"start":{"line":293,"column":12},"end":{"line":293,"column":53},"skip":true}]},"23":{"line":297,"type":"binary-expr","locations":[{"start":{"line":297,"column":12},"end":{"line":297,"column":69},"skip":true},{"start":{"line":298,"column":12},"end":{"line":301,"column":36},"skip":true}]},"24":{"line":303,"type":"binary-expr","locations":[{"start":{"line":303,"column":43},"end":{"line":303,"column":75},"skip":true},{"start":{"line":303,"column":79},"end":{"line":303,"column":81},"skip":true}]},"25":{"line":306,"type":"if","locations":[{"start":{"line":306,"column":8},"end":{"line":306,"column":8},"skip":true},{"start":{"line":306,"column":8},"end":{"line":306,"column":8},"skip":true}]},"26":{"line":310,"type":"if","locations":[{"start":{"line":310,"column":8},"end":{"line":310,"column":8},"skip":true},{"start":{"line":310,"column":8},"end":{"line":310,"column":8},"skip":true}]},"27":{"line":313,"type":"binary-expr","locations":[{"start":{"line":313,"column":27},"end":{"line":313,"column":43},"skip":true},{"start":{"line":313,"column":47},"end":{"line":313,"column":53},"skip":true}]},"28":{"line":317,"type":"if","locations":[{"start":{"line":317,"column":12},"end":{"line":317,"column":12},"skip":true},{"start":{"line":317,"column":12},"end":{"line":317,"column":12},"skip":true}]}},"code":["/*","example.js","","quickstart example","","instruction","    1. save this script as example.js","    2. run the shell command:","        $ npm install npmtest-localforage && PORT=8081 node example.js","    3. play with the browser-demo on http://127.0.0.1:8081","*/","","","","/* istanbul instrument in package npmtest_localforage */","/*jslint","    bitwise: true,","    browser: true,","    maxerr: 8,","    maxlen: 96,","    node: true,","    nomen: true,","    regexp: true,","    stupid: true","*/","(function () {","    'use strict';","    var local;","","","","    // run shared js-env code - pre-init","    (function () {","        // init local","        local = {};","        // init modeJs","        local.modeJs = (function () {","            try {","                return typeof navigator.userAgent === 'string' &&","                    typeof document.querySelector('body') === 'object' &&","                    typeof XMLHttpRequest.prototype.open === 'function' &&","                    'browser';","            } catch (errorCaughtBrowser) {","                return module.exports &&","                    typeof process.versions.node === 'string' &&","                    typeof require('http').createServer === 'function' &&","                    'node';","            }","        }());","        // init global","        local.global = local.modeJs === 'browser'","            ? window","            : global;","        // init utility2_rollup","        local = local.global.utility2_rollup || (local.modeJs === 'browser'","            ? local.global.utility2_npmtest_localforage","            : global.utility2_moduleExports);","        // export local","        local.global.local = local;","    }());","    switch (local.modeJs) {","","","","    // post-init","    // run browser js-env code - post-init","    /* istanbul ignore next */","    case 'browser':","        local.testRunBrowser = function (event) {","            if (!event || (event &&","                    event.currentTarget &&","                    event.currentTarget.className &&","                    event.currentTarget.className.includes &&","                    event.currentTarget.className.includes('onreset'))) {","                // reset output","                Array.from(","                    document.querySelectorAll('body > .resettable')","                ).forEach(function (element) {","                    switch (element.tagName) {","                    case 'INPUT':","                    case 'TEXTAREA':","                        element.value = '';","                        break;","                    default:","                        element.textContent = '';","                    }","                });","            }","            switch (event && event.currentTarget && event.currentTarget.id) {","            case 'testRunButton1':","                // show tests","                if (document.querySelector('#testReportDiv1').style.display === 'none') {","                    document.querySelector('#testReportDiv1').style.display = 'block';","                    document.querySelector('#testRunButton1').textContent =","                        'hide internal test';","                    local.modeTest = true;","                    local.testRunDefault(local);","                // hide tests","                } else {","                    document.querySelector('#testReportDiv1').style.display = 'none';","                    document.querySelector('#testRunButton1').textContent = 'run internal test';","                }","                break;","            // custom-case","            default:","                break;","            }","            if (document.querySelector('#inputTextareaEval1') && (!event || (event &&","                    event.currentTarget &&","                    event.currentTarget.className &&","                    event.currentTarget.className.includes &&","                    event.currentTarget.className.includes('oneval')))) {","                // try to eval input-code","                try {","                    /*jslint evil: true*/","                    eval(document.querySelector('#inputTextareaEval1').value);","                } catch (errorCaught) {","                    console.error(errorCaught);","                }","            }","        };","        // log stderr and stdout to #outputTextareaStdout1","        ['error', 'log'].forEach(function (key) {","            console[key + '_original'] = console[key];","            console[key] = function () {","                var element;","                console[key + '_original'].apply(console, arguments);","                element = document.querySelector('#outputTextareaStdout1');","                if (!element) {","                    return;","                }","                // append text to #outputTextareaStdout1","                element.value += Array.from(arguments).map(function (arg) {","                    return typeof arg === 'string'","                        ? arg","                        : JSON.stringify(arg, null, 4);","                }).join(' ') + '\\n';","                // scroll textarea to bottom","                element.scrollTop = element.scrollHeight;","            };","        });","        // init event-handling","        ['change', 'click', 'keyup'].forEach(function (event) {","            Array.from(document.querySelectorAll('.on' + event)).forEach(function (element) {","                element.addEventListener(event, local.testRunBrowser);","            });","        });","        // run tests","        local.testRunBrowser();","        break;","","","","    // run node js-env code - post-init","    /* istanbul ignore next */","    case 'node':","        // export local","        module.exports = local;","        // require modules","        local.fs = require('fs');","        local.http = require('http');","        local.url = require('url');","        // init assets","        local.assetsDict = local.assetsDict || {};","        /* jslint-ignore-begin */","        local.assetsDict['/assets.index.template.html'] = '\\","<!doctype html>\\n\\","<html lang=\"en\">\\n\\","<head>\\n\\","<meta charset=\"UTF-8\">\\n\\","<meta name=\"viewport\" content=\"width=device-width, initial-scale=1\">\\n\\","<title>{{env.npm_package_name}} (v{{env.npm_package_version}})</title>\\n\\","<style>\\n\\","/*csslint\\n\\","    box-sizing: false,\\n\\","    universal-selector: false\\n\\","*/\\n\\","* {\\n\\","    box-sizing: border-box;\\n\\","}\\n\\","body {\\n\\","    background: #dde;\\n\\","    font-family: Arial, Helvetica, sans-serif;\\n\\","    margin: 2rem;\\n\\","}\\n\\","body > * {\\n\\","    margin-bottom: 1rem;\\n\\","}\\n\\",".utility2FooterDiv {\\n\\","    margin-top: 20px;\\n\\","    text-align: center;\\n\\","}\\n\\","</style>\\n\\","<style>\\n\\","/*csslint\\n\\","*/\\n\\","textarea {\\n\\","    font-family: monospace;\\n\\","    height: 10rem;\\n\\","    width: 100%;\\n\\","}\\n\\","textarea[readonly] {\\n\\","    background: #ddd;\\n\\","}\\n\\","</style>\\n\\","</head>\\n\\","<body>\\n\\","<!-- utility2-comment\\n\\","<div id=\"ajaxProgressDiv1\" style=\"background: #d00; height: 2px; left: 0; margin: 0; padding: 0; position: fixed; top: 0; transition: background 0.5s, width 1.5s; width: 25%;\"></div>\\n\\","utility2-comment -->\\n\\","<h1>\\n\\","<!-- utility2-comment\\n\\","    <a\\n\\","        {{#if env.npm_package_homepage}}\\n\\","        href=\"{{env.npm_package_homepage}}\"\\n\\","        {{/if env.npm_package_homepage}}\\n\\","        target=\"_blank\"\\n\\","    >\\n\\","utility2-comment -->\\n\\","        {{env.npm_package_name}} (v{{env.npm_package_version}})\\n\\","<!-- utility2-comment\\n\\","    </a>\\n\\","utility2-comment -->\\n\\","</h1>\\n\\","<h3>{{env.npm_package_description}}</h3>\\n\\","<!-- utility2-comment\\n\\","<h4><a download href=\"assets.app.js\">download standalone app</a></h4>\\n\\","<button class=\"onclick onreset\" id=\"testRunButton1\">run internal test</button><br>\\n\\","<div id=\"testReportDiv1\" style=\"display: none;\"></div>\\n\\","utility2-comment -->\\n\\","\\n\\","\\n\\","\\n\\","<label>stderr and stdout</label>\\n\\","<textarea class=\"resettable\" id=\"outputTextareaStdout1\" readonly></textarea>\\n\\","<!-- utility2-comment\\n\\","{{#if isRollup}}\\n\\","<script src=\"assets.app.js\"></script>\\n\\","{{#unless isRollup}}\\n\\","utility2-comment -->\\n\\","<script src=\"assets.utility2.rollup.js\"></script>\\n\\","<script src=\"jsonp.utility2._stateInit?callback=window.utility2._stateInit\"></script>\\n\\","<script src=\"assets.npmtest_localforage.rollup.js\"></script>\\n\\","<script src=\"assets.example.js\"></script>\\n\\","<script src=\"assets.test.js\"></script>\\n\\","<!-- utility2-comment\\n\\","{{/if isRollup}}\\n\\","utility2-comment -->\\n\\","<div class=\"utility2FooterDiv\">\\n\\","    [ this app was created with\\n\\","    <a href=\"https://github.com/kaizhu256/node-utility2\" target=\"_blank\">utility2</a>\\n\\","    ]\\n\\","</div>\\n\\","</body>\\n\\","</html>\\n\\","';","        /* jslint-ignore-end */","        if (local.templateRender) {","            local.assetsDict['/'] = local.templateRender(","                local.assetsDict['/assets.index.template.html'],","                {","                    env: local.objectSetDefault(local.env, {","                        npm_package_description: 'the greatest app in the world!',","                        npm_package_name: 'my-app',","                        npm_package_nameAlias: 'my_app',","                        npm_package_version: '0.0.1'","                    })","                }","            );","        } else {","            local.assetsDict['/'] = local.assetsDict['/assets.index.template.html']","                .replace((/\\{\\{env\\.(\\w+?)\\}\\}/g), function (match0, match1) {","                    // jslint-hack","                    String(match0);","                    switch (match1) {","                    case 'npm_package_description':","                        return 'the greatest app in the world!';","                    case 'npm_package_name':","                        return 'my-app';","                    case 'npm_package_nameAlias':","                        return 'my_app';","                    case 'npm_package_version':","                        return '0.0.1';","                    }","                });","        }","        // run the cli","        if (local.global.utility2_rollup || module !== require.main) {","            break;","        }","        local.assetsDict['/assets.example.js'] =","            local.assetsDict['/assets.example.js'] ||","            local.fs.readFileSync(__filename, 'utf8');","        // bug-workaround - long $npm_package_buildCustomOrg","        /* jslint-ignore-begin */","        local.assetsDict['/assets.npmtest_localforage.rollup.js'] =","            local.assetsDict['/assets.npmtest_localforage.rollup.js'] ||","            local.fs.readFileSync(","                local.npmtest_localforage.__dirname + '/lib.npmtest_localforage.js',","                'utf8'","            ).replace((/^#!/), '//');","        /* jslint-ignore-end */","        local.assetsDict['/favicon.ico'] = local.assetsDict['/favicon.ico'] || '';","        // if $npm_config_timeout_exit exists,","        // then exit this process after $npm_config_timeout_exit ms","        if (Number(process.env.npm_config_timeout_exit)) {","            setTimeout(process.exit, Number(process.env.npm_config_timeout_exit));","        }","        // start server","        if (local.global.utility2_serverHttp1) {","            break;","        }","        process.env.PORT = process.env.PORT || '8081';","        console.error('server starting on port ' + process.env.PORT);","        local.http.createServer(function (request, response) {","            request.urlParsed = local.url.parse(request.url);","            if (local.assetsDict[request.urlParsed.pathname] !== undefined) {","                response.end(local.assetsDict[request.urlParsed.pathname]);","                return;","            }","            response.statusCode = 404;","            response.end();","        }).listen(process.env.PORT);","        break;","    }","}());",""],"l":{"26":2,"28":2,"33":2,"35":2,"37":2,"38":2,"39":2,"44":1,"51":2,"55":2,"59":2,"61":2,"69":1,"70":2,"76":2,"79":2,"82":2,"83":2,"85":1,"89":2,"92":1,"93":1,"94":1,"96":1,"97":1,"100":1,"101":1,"103":1,"106":1,"108":2,"114":1,"116":1,"118":1,"123":1,"124":2,"125":2,"126":3,"127":3,"128":3,"129":3,"130":1,"133":3,"134":3,"139":3,"143":1,"144":3,"145":1,"149":1,"150":1,"158":1,"160":1,"161":1,"162":1,"164":1,"166":1,"258":1,"259":1,"271":1,"274":6,"275":6,"277":1,"279":2,"281":1,"283":2,"288":1,"289":1,"291":1,"296":1,"303":1,"306":1,"307":1,"310":1,"311":1,"313":1,"314":1,"315":1,"316":1,"317":1,"318":1,"319":1,"321":1,"322":1,"324":1}},"/home/travis/build/npmtest/node-npmtest-localforage/node_modules/localforage/dist/localforage.js":{"path":"/home/travis/build/npmtest/node-npmtest-localforage/node_modules/localforage/dist/localforage.js","s":{"1":1,"2":1,"3":1,"4":0,"5":0,"6":0,"7":0,"8":0,"9":0,"10":0,"11":0,"12":0,"13":0,"14":0,"15":1,"16":1,"17":1,"18":2,"19":1,"20":0,"21":0,"22":0,"23":0,"24":0,"25":0,"26":0,"27":1,"28":1,"29":0,"30":0,"31":2,"32":1,"33":1,"34":1,"35":1,"36":0,"37":0,"38":0,"39":0,"40":0,"41":0,"42":0,"43":0,"44":0,"45":0,"46":0,"47":0,"48":0,"49":0,"50":0,"51":0,"52":0,"53":0,"54":0,"55":0,"56":0,"57":0,"58":0,"59":0,"60":0,"61":0,"62":0,"63":0,"64":1,"65":0,"66":0,"67":0,"68":0,"69":0,"70":0,"71":0,"72":0,"73":0,"74":0,"75":0,"76":0,"77":1,"78":0,"79":0,"80":0,"81":1,"82":0,"83":0,"84":0,"85":0,"86":0,"87":1,"88":0,"89":0,"90":0,"91":0,"92":0,"93":0,"94":0,"95":0,"96":0,"97":0,"98":0,"99":0,"100":0,"101":0,"102":0,"103":0,"104":0,"105":0,"106":1,"107":0,"108":0,"109":0,"110":0,"111":0,"112":0,"113":0,"114":0,"115":0,"116":0,"117":0,"118":0,"119":0,"120":0,"121":0,"122":1,"123":0,"124":0,"125":0,"126":0,"127":0,"128":0,"129":0,"130":0,"131":0,"132":0,"133":0,"134":0,"135":0,"136":0,"137":0,"138":0,"139":0,"140":0,"141":0,"142":0,"143":0,"144":0,"145":0,"146":0,"147":0,"148":0,"149":0,"150":0,"151":0,"152":0,"153":1,"154":0,"155":0,"156":0,"157":0,"158":1,"159":0,"160":1,"161":0,"162":0,"163":0,"164":0,"165":1,"166":0,"167":0,"168":0,"169":0,"170":1,"171":0,"172":0,"173":0,"174":0,"175":1,"176":0,"177":0,"178":0,"179":0,"180":0,"181":0,"182":0,"183":0,"184":1,"185":0,"186":0,"187":0,"188":0,"189":1,"190":0,"191":0,"192":0,"193":1,"194":0,"195":0,"196":0,"197":0,"198":0,"199":0,"200":0,"201":0,"202":0,"203":0,"204":0,"205":0,"206":0,"207":0,"208":1,"209":0,"210":0,"211":0,"212":0,"213":1,"214":0,"215":0,"216":0,"217":0,"218":0,"219":1,"220":0,"221":0,"222":0,"223":0,"224":0,"225":0,"226":0,"227":0,"228":0,"229":0,"230":0,"231":0,"232":1,"233":0,"234":0,"235":0,"236":0,"237":0,"238":0,"239":0,"240":0,"241":0,"242":0,"243":1,"244":0,"245":0,"246":1,"247":1,"248":0,"249":1,"250":1,"251":1,"252":0,"253":1,"254":0,"255":1,"256":0,"257":1,"258":0,"259":1,"260":0,"261":1,"262":1,"263":1,"264":1,"265":1,"266":0,"267":0,"268":0,"269":0,"270":1,"271":1,"272":1,"273":1,"274":1,"275":0,"276":1,"277":0,"278":0,"279":0,"280":0,"281":0,"282":0,"283":0,"284":0,"285":0,"286":0,"287":0,"288":1,"289":0,"290":1,"291":1,"292":0,"293":0,"294":0,"295":0,"296":1,"297":2,"298":0,"299":2,"300":0,"301":1,"302":1,"303":1,"304":1,"305":1,"306":0,"307":0,"308":0,"309":0,"310":0,"311":0,"312":1,"313":0,"314":0,"315":0,"316":0,"317":0,"318":0,"319":0,"320":0,"321":0,"322":0,"323":0,"324":0,"325":0,"326":1,"327":0,"328":0,"329":0,"330":0,"331":0,"332":1,"333":0,"334":0,"335":0,"336":0,"337":0,"338":0,"339":0,"340":0,"341":0,"342":1,"343":0,"344":0,"345":0,"346":0,"347":1,"348":0,"349":0,"350":0,"351":0,"352":0,"353":0,"354":0,"355":0,"356":0,"357":0,"358":0,"359":0,"360":0,"361":0,"362":0,"363":0,"364":0,"365":0,"366":0,"367":0,"368":0,"369":0,"370":0,"371":0,"372":0,"373":0,"374":1,"375":0,"376":1,"377":0,"378":1,"379":0,"380":0,"381":0,"382":0,"383":0,"384":0,"385":0,"386":0,"387":0,"388":0,"389":0,"390":0,"391":0,"392":0,"393":0,"394":0,"395":1,"396":0,"397":0,"398":0,"399":0,"400":0,"401":0,"402":0,"403":1,"404":0,"405":0,"406":1,"407":0,"408":1,"409":0,"410":0,"411":0,"412":0,"413":0,"414":0,"415":0,"416":1,"417":0,"418":0,"419":0,"420":0,"421":0,"422":0,"423":0,"424":0,"425":0,"426":0,"427":0,"428":0,"429":0,"430":0,"431":0,"432":0,"433":1,"434":0,"435":0,"436":0,"437":0,"438":0,"439":0,"440":0,"441":0,"442":0,"443":0,"444":0,"445":0,"446":0,"447":0,"448":0,"449":0,"450":0,"451":0,"452":0,"453":0,"454":1,"455":0,"456":0,"457":0,"458":0,"459":0,"460":0,"461":0,"462":0,"463":0,"464":0,"465":0,"466":0,"467":0,"468":0,"469":0,"470":0,"471":0,"472":0,"473":0,"474":0,"475":1,"476":0,"477":0,"478":0,"479":0,"480":0,"481":0,"482":0,"483":0,"484":0,"485":0,"486":0,"487":0,"488":0,"489":0,"490":0,"491":0,"492":0,"493":0,"494":0,"495":0,"496":0,"497":0,"498":1,"499":0,"500":0,"501":0,"502":0,"503":0,"504":0,"505":0,"506":0,"507":0,"508":0,"509":0,"510":0,"511":0,"512":0,"513":0,"514":0,"515":0,"516":0,"517":0,"518":0,"519":0,"520":0,"521":0,"522":0,"523":0,"524":0,"525":0,"526":0,"527":1,"528":0,"529":0,"530":0,"531":0,"532":0,"533":0,"534":0,"535":0,"536":0,"537":0,"538":0,"539":0,"540":0,"541":0,"542":0,"543":0,"544":0,"545":0,"546":0,"547":1,"548":0,"549":0,"550":0,"551":0,"552":0,"553":0,"554":0,"555":0,"556":0,"557":0,"558":0,"559":0,"560":0,"561":0,"562":1,"563":0,"564":0,"565":0,"566":0,"567":0,"568":0,"569":0,"570":0,"571":0,"572":0,"573":0,"574":0,"575":1,"576":0,"577":0,"578":0,"579":0,"580":0,"581":0,"582":0,"583":0,"584":0,"585":0,"586":0,"587":0,"588":0,"589":0,"590":0,"591":0,"592":0,"593":0,"594":0,"595":0,"596":0,"597":0,"598":0,"599":0,"600":0,"601":1,"602":0,"603":0,"604":0,"605":0,"606":0,"607":0,"608":0,"609":0,"610":0,"611":0,"612":0,"613":0,"614":0,"615":0,"616":0,"617":0,"618":0,"619":0,"620":1,"621":1,"622":1,"623":1,"624":1,"625":1,"626":1,"627":1,"628":1,"629":1,"630":1,"631":1,"632":1,"633":1,"634":1,"635":1,"636":1,"637":1,"638":1,"639":1,"640":0,"641":0,"642":0,"643":0,"644":0,"645":0,"646":0,"647":0,"648":0,"649":0,"650":0,"651":0,"652":0,"653":0,"654":0,"655":0,"656":0,"657":0,"658":0,"659":0,"660":1,"661":0,"662":0,"663":0,"664":0,"665":0,"666":0,"667":0,"668":0,"669":0,"670":0,"671":0,"672":0,"673":0,"674":1,"675":0,"676":0,"677":0,"678":0,"679":0,"680":0,"681":0,"682":0,"683":0,"684":0,"685":0,"686":0,"687":0,"688":0,"689":0,"690":0,"691":0,"692":0,"693":0,"694":0,"695":0,"696":0,"697":0,"698":0,"699":0,"700":0,"701":0,"702":0,"703":0,"704":0,"705":0,"706":0,"707":0,"708":0,"709":0,"710":0,"711":0,"712":0,"713":0,"714":0,"715":1,"716":0,"717":0,"718":0,"719":0,"720":0,"721":0,"722":0,"723":0,"724":0,"725":0,"726":0,"727":0,"728":0,"729":0,"730":0,"731":0,"732":0,"733":0,"734":0,"735":0,"736":0,"737":0,"738":0,"739":1,"740":1,"741":0,"742":0,"743":0,"744":0,"745":0,"746":0,"747":0,"748":0,"749":0,"750":0,"751":0,"752":0,"753":0,"754":0,"755":0,"756":0,"757":1,"758":0,"759":0,"760":0,"761":0,"762":0,"763":0,"764":0,"765":0,"766":0,"767":0,"768":0,"769":0,"770":0,"771":0,"772":0,"773":0,"774":1,"775":0,"776":0,"777":0,"778":0,"779":0,"780":0,"781":0,"782":0,"783":0,"784":0,"785":0,"786":0,"787":0,"788":0,"789":0,"790":0,"791":0,"792":0,"793":0,"794":0,"795":0,"796":1,"797":0,"798":0,"799":0,"800":0,"801":0,"802":0,"803":0,"804":0,"805":0,"806":0,"807":0,"808":0,"809":0,"810":0,"811":0,"812":0,"813":0,"814":0,"815":0,"816":0,"817":0,"818":0,"819":0,"820":0,"821":1,"822":0,"823":1,"824":0,"825":0,"826":0,"827":0,"828":0,"829":0,"830":0,"831":0,"832":0,"833":0,"834":0,"835":0,"836":0,"837":1,"838":0,"839":0,"840":0,"841":0,"842":0,"843":0,"844":0,"845":0,"846":0,"847":0,"848":1,"849":0,"850":0,"851":0,"852":0,"853":0,"854":0,"855":0,"856":0,"857":0,"858":0,"859":0,"860":1,"861":0,"862":0,"863":0,"864":0,"865":0,"866":0,"867":0,"868":0,"869":0,"870":0,"871":0,"872":1,"873":0,"874":0,"875":0,"876":0,"877":0,"878":0,"879":0,"880":0,"881":0,"882":0,"883":0,"884":0,"885":0,"886":1,"887":1,"888":0,"889":0,"890":0,"891":0,"892":0,"893":0,"894":0,"895":0,"896":0,"897":0,"898":0,"899":1,"900":0,"901":0,"902":0,"903":0,"904":0,"905":0,"906":0,"907":0,"908":0,"909":1,"910":0,"911":0,"912":0,"913":0,"914":0,"915":0,"916":0,"917":0,"918":0,"919":0,"920":0,"921":0,"922":1,"923":0,"924":0,"925":0,"926":0,"927":0,"928":0,"929":0,"930":0,"931":0,"932":0,"933":0,"934":0,"935":0,"936":0,"937":0,"938":0,"939":0,"940":0,"941":0,"942":1,"943":0,"944":0,"945":0,"946":0,"947":0,"948":0,"949":0,"950":0,"951":0,"952":0,"953":0,"954":0,"955":1,"956":0,"957":0,"958":0,"959":0,"960":0,"961":0,"962":0,"963":0,"964":0,"965":0,"966":0,"967":1,"968":0,"969":0,"970":0,"971":0,"972":0,"973":1,"974":0,"975":0,"976":0,"977":0,"978":0,"979":0,"980":0,"981":0,"982":0,"983":1,"984":0,"985":0,"986":0,"987":0,"988":0,"989":0,"990":0,"991":0,"992":0,"993":0,"994":0,"995":0,"996":0,"997":0,"998":0,"999":0,"1000":0,"1001":0,"1002":0,"1003":0,"1004":0,"1005":1,"1006":1,"1007":1,"1008":1,"1009":1,"1010":1,"1011":1,"1012":1,"1013":1,"1014":1,"1015":1,"1016":0,"1017":1,"1018":8,"1019":0,"1020":0,"1021":0,"1022":1,"1023":2,"1024":3,"1025":3,"1026":2,"1027":12,"1028":12,"1029":2,"1030":10,"1031":2,"1032":1,"1033":1,"1034":3,"1035":0,"1036":1,"1037":1,"1038":1,"1039":1,"1040":1,"1041":1,"1042":1,"1043":1,"1044":1,"1045":1,"1046":1,"1047":1,"1048":1,"1049":1,"1050":1,"1051":1,"1052":0,"1053":0,"1054":0,"1055":0,"1056":0,"1057":0,"1058":0,"1059":0,"1060":0,"1061":0,"1062":0,"1063":0,"1064":0,"1065":0,"1066":0,"1067":1,"1068":0,"1069":0,"1070":0,"1071":0,"1072":0,"1073":0,"1074":0,"1075":0,"1076":0,"1077":0,"1078":0,"1079":0,"1080":0,"1081":0,"1082":0,"1083":0,"1084":0,"1085":0,"1086":0,"1087":0,"1088":0,"1089":0,"1090":0,"1091":0,"1092":0,"1093":0,"1094":0,"1095":0,"1096":0,"1097":1,"1098":1,"1099":1,"1100":1,"1101":1,"1102":1,"1103":0,"1104":0,"1105":0,"1106":0,"1107":1,"1108":0,"1109":1,"1110":1,"1111":1,"1112":1,"1113":0,"1114":0,"1115":0,"1116":1,"1117":0,"1118":0,"1119":0,"1120":0,"1121":0,"1122":0,"1123":0,"1124":1,"1125":1,"1126":1,"1127":0,"1128":1,"1129":1,"1130":1,"1131":1,"1132":0,"1133":0,"1134":0,"1135":0,"1136":1,"1137":0,"1138":0,"1139":1,"1140":0,"1141":0,"1142":0,"1143":0,"1144":0,"1145":0,"1146":0,"1147":0,"1148":0,"1149":0,"1150":0,"1151":1,"1152":0,"1153":1,"1154":1,"1155":1,"1156":1,"1157":1,"1158":0,"1159":0,"1160":0,"1161":0,"1162":1,"1163":1,"1164":1,"1165":1,"1166":1,"1167":1,"1168":1,"1169":3,"1170":1,"1171":0,"1172":1,"1173":1,"1174":1,"1175":3,"1176":3,"1177":0,"1178":1,"1179":1,"1180":1,"1181":8,"1182":1,"1183":0,"1184":1,"1185":1,"1186":1},"b":{"1":[1,0],"2":[1,1],"3":[0,0],"4":[0,0],"5":[0,0],"6":[0,0],"7":[0,0],"8":[1,1],"9":[0,1],"10":[0,0],"11":[0,0],"12":[0,0],"13":[0,0],"14":[0,0],"15":[1,1],"16":[0,0],"17":[0,0],"18":[0,0],"19":[0,0],"20":[0,0],"21":[0,0],"22":[0,0],"23":[0,0],"24":[0,0],"25":[0,0],"26":[0,0],"27":[0,0],"28":[0,0],"29":[0,0],"30":[0,0,0,0],"31":[0,0],"32":[0,0],"33":[0,0],"34":[0,0],"35":[0,0],"36":[0,0],"37":[0,0],"38":[0,0],"39":[0,0],"40":[0,0,0],"41":[0,0],"42":[0,0],"43":[0,0],"44":[0,0],"45":[0,0],"46":[0,0],"47":[0,0],"48":[0,0],"49":[0,0],"50":[0,0],"51":[0,0],"52":[0,0],"53":[0,0],"54":[0,0],"55":[0,0],"56":[0,0],"57":[0,0],"58":[1,0],"59":[1,1],"60":[0,0],"61":[0,0,0,0],"62":[0,1],"63":[0,1],"64":[0,1],"65":[0,1],"66":[0,1],"67":[0,1],"68":[1,0],"69":[0,0,0,0],"70":[0,0],"71":[0,0,0,0],"72":[1,0,0],"73":[0,0],"74":[0,0],"75":[0,0],"76":[0,0],"77":[0,0],"78":[0,0],"79":[0,1],"80":[0,0],"81":[0,2],"82":[0,2],"83":[0,0,0],"84":[0,0],"85":[0,0],"86":[0,0],"87":[0,0],"88":[0,0],"89":[0,0],"90":[0,0],"91":[0,0],"92":[0,0],"93":[0,0],"94":[0,0],"95":[0,0],"96":[0,0],"97":[0,0],"98":[0,0],"99":[0,0],"100":[0,0],"101":[0,0],"102":[0,0],"103":[0,0],"104":[0,0],"105":[0,0],"106":[0,0],"107":[0,0],"108":[0,0],"109":[0,0],"110":[0,0],"111":[0,0],"112":[0,0],"113":[0,0],"114":[0,0],"115":[0,0],"116":[0,0],"117":[0,0],"118":[0,0],"119":[0,0],"120":[0,0],"121":[0,0],"122":[0,0],"123":[0,0],"124":[0,0],"125":[0,0],"126":[0,0],"127":[0,0],"128":[0,0],"129":[0,0],"130":[0,0],"131":[0,0],"132":[0,0],"133":[0,0],"134":[0,0],"135":[0,0],"136":[0,0],"137":[0,0,0,0],"138":[0,0],"139":[0,0],"140":[0,0],"141":[0,0],"142":[0,0],"143":[0,0],"144":[0,0],"145":[0,0],"146":[0,0],"147":[0,0],"148":[0,0],"149":[0,0],"150":[0,0],"151":[0,0],"152":[0,0,0,0,0,0,0,0,0,0,0,0],"153":[0,0],"154":[0,0],"155":[0,0],"156":[0,0],"157":[0,0],"158":[0,0],"159":[0,0],"160":[0,0],"161":[0,0],"162":[0,0],"163":[0,0],"164":[0,0],"165":[0,0],"166":[0,0],"167":[0,0],"168":[0,0],"169":[0,0],"170":[0,0],"171":[0,0],"172":[0,0],"173":[0,0],"174":[0,0],"175":[0,0],"176":[0,0],"177":[0,0],"178":[0,0],"179":[0,0],"180":[0,0],"181":[0,0],"182":[0,0],"183":[1,0],"184":[2,1],"185":[12,0],"186":[2,10],"187":[0,3],"188":[3,3],"189":[0,0],"190":[0,0],"191":[0,0],"192":[0,0],"193":[0,0],"194":[0,0],"195":[0,0],"196":[0,0],"197":[0,0],"198":[0,0],"199":[0,0],"200":[0,0],"201":[0,0,0],"202":[0,0],"203":[0,0],"204":[0,0],"205":[1,1],"206":[0,1],"207":[0,0,0],"208":[0,1],"209":[0,0],"210":[0,1],"211":[0,1],"212":[0,3]},"f":{"1":1,"2":1,"3":1,"4":2,"5":0,"6":0,"7":0,"8":0,"9":0,"10":0,"11":0,"12":0,"13":0,"14":0,"15":0,"16":0,"17":0,"18":0,"19":0,"20":0,"21":0,"22":0,"23":0,"24":0,"25":0,"26":0,"27":0,"28":0,"29":0,"30":0,"31":0,"32":0,"33":0,"34":0,"35":0,"36":0,"37":0,"38":0,"39":0,"40":0,"41":0,"42":0,"43":0,"44":0,"45":0,"46":0,"47":0,"48":1,"49":0,"50":0,"51":1,"52":1,"53":1,"54":1,"55":1,"56":0,"57":0,"58":0,"59":0,"60":2,"61":0,"62":0,"63":0,"64":0,"65":0,"66":0,"67":0,"68":0,"69":0,"70":0,"71":0,"72":0,"73":0,"74":0,"75":0,"76":0,"77":0,"78":0,"79":0,"80":0,"81":0,"82":0,"83":0,"84":0,"85":0,"86":0,"87":0,"88":0,"89":0,"90":0,"91":0,"92":0,"93":0,"94":0,"95":0,"96":0,"97":0,"98":0,"99":0,"100":0,"101":0,"102":0,"103":0,"104":0,"105":0,"106":0,"107":0,"108":0,"109":0,"110":0,"111":0,"112":0,"113":0,"114":0,"115":0,"116":0,"117":0,"118":0,"119":0,"120":0,"121":0,"122":0,"123":0,"124":0,"125":0,"126":0,"127":0,"128":0,"129":0,"130":0,"131":0,"132":0,"133":0,"134":0,"135":0,"136":0,"137":0,"138":0,"139":0,"140":0,"141":0,"142":0,"143":0,"144":0,"145":0,"146":0,"147":0,"148":0,"149":0,"150":0,"151":0,"152":0,"153":0,"154":0,"155":0,"156":0,"157":0,"158":0,"159":0,"160":0,"161":0,"162":0,"163":0,"164":0,"165":0,"166":0,"167":0,"168":0,"169":0,"170":0,"171":0,"172":0,"173":0,"174":0,"175":0,"176":0,"177":0,"178":0,"179":0,"180":0,"181":0,"182":0,"183":0,"184":0,"185":0,"186":0,"187":0,"188":0,"189":0,"190":0,"191":0,"192":0,"193":0,"194":0,"195":0,"196":0,"197":0,"198":0,"199":0,"200":0,"201":0,"202":0,"203":0,"204":0,"205":0,"206":0,"207":0,"208":0,"209":0,"210":0,"211":0,"212":0,"213":0,"214":0,"215":0,"216":0,"217":8,"218":0,"219":0,"220":2,"221":1,"222":1,"223":1,"224":1,"225":0,"226":0,"227":0,"228":0,"229":1,"230":1,"231":1,"232":0,"233":0,"234":0,"235":1,"236":1,"237":0,"238":0,"239":0,"240":0,"241":0,"242":1,"243":0,"244":1,"245":3,"246":0,"247":1,"248":1,"249":0},"fnMap":{"1":{"name":"(anonymous_1)","line":7,"loc":{"start":{"line":7,"column":1},"end":{"line":7,"column":12}}},"2":{"name":"(anonymous_2)","line":7,"loc":{"start":{"line":7,"column":327},"end":{"line":7,"column":337}}},"3":{"name":"e","line":7,"loc":{"start":{"line":7,"column":372},"end":{"line":7,"column":389}}},"4":{"name":"s","line":7,"loc":{"start":{"line":7,"column":390},"end":{"line":7,"column":405}}},"5":{"name":"(anonymous_5)","line":7,"loc":{"start":{"line":7,"column":642},"end":{"line":7,"column":653}}},"6":{"name":"(anonymous_6)","line":7,"loc":{"start":{"line":7,"column":821},"end":{"line":7,"column":853}}},"7":{"name":"(anonymous_7)","line":8,"loc":{"start":{"line":8,"column":1},"end":{"line":8,"column":18}}},"8":{"name":"(anonymous_8)","line":22,"loc":{"start":{"line":22,"column":20},"end":{"line":22,"column":32}}},"9":{"name":"(anonymous_9)","line":28,"loc":{"start":{"line":28,"column":20},"end":{"line":28,"column":32}}},"10":{"name":"(anonymous_10)","line":32,"loc":{"start":{"line":32,"column":20},"end":{"line":32,"column":32}}},"11":{"name":"(anonymous_11)","line":37,"loc":{"start":{"line":37,"column":36},"end":{"line":37,"column":48}}},"12":{"name":"(anonymous_12)","line":47,"loc":{"start":{"line":47,"column":20},"end":{"line":47,"column":32}}},"13":{"name":"nextTick","line":56,"loc":{"start":{"line":56,"column":0},"end":{"line":56,"column":20}}},"14":{"name":"immediate","line":73,"loc":{"start":{"line":73,"column":0},"end":{"line":73,"column":25}}},"15":{"name":"(anonymous_15)","line":80,"loc":{"start":{"line":80,"column":9},"end":{"line":80,"column":41}}},"16":{"name":"INTERNAL","line":85,"loc":{"start":{"line":85,"column":0},"end":{"line":85,"column":20}},"skip":true},"17":{"name":"Promise","line":95,"loc":{"start":{"line":95,"column":0},"end":{"line":95,"column":27}}},"18":{"name":"(anonymous_18)","line":107,"loc":{"start":{"line":107,"column":29},"end":{"line":107,"column":51}}},"19":{"name":"(anonymous_19)","line":110,"loc":{"start":{"line":110,"column":25},"end":{"line":110,"column":60}}},"20":{"name":"QueueItem","line":125,"loc":{"start":{"line":125,"column":0},"end":{"line":125,"column":53}}},"21":{"name":"(anonymous_21)","line":136,"loc":{"start":{"line":136,"column":36},"end":{"line":136,"column":53}}},"22":{"name":"(anonymous_22)","line":139,"loc":{"start":{"line":139,"column":41},"end":{"line":139,"column":58}}},"23":{"name":"(anonymous_23)","line":142,"loc":{"start":{"line":142,"column":35},"end":{"line":142,"column":52}}},"24":{"name":"(anonymous_24)","line":145,"loc":{"start":{"line":145,"column":40},"end":{"line":145,"column":57}}},"25":{"name":"unwrap","line":149,"loc":{"start":{"line":149,"column":0},"end":{"line":149,"column":38}}},"26":{"name":"(anonymous_26)","line":150,"loc":{"start":{"line":150,"column":12},"end":{"line":150,"column":24}}},"27":{"name":"(anonymous_27)","line":165,"loc":{"start":{"line":165,"column":19},"end":{"line":165,"column":42}}},"28":{"name":"(anonymous_28)","line":185,"loc":{"start":{"line":185,"column":18},"end":{"line":185,"column":41}}},"29":{"name":"getThen","line":196,"loc":{"start":{"line":196,"column":0},"end":{"line":196,"column":22}}},"30":{"name":"appyThen","line":200,"loc":{"start":{"line":200,"column":11},"end":{"line":200,"column":31}}},"31":{"name":"safelyResolveThenable","line":206,"loc":{"start":{"line":206,"column":0},"end":{"line":206,"column":47}}},"32":{"name":"onError","line":209,"loc":{"start":{"line":209,"column":2},"end":{"line":209,"column":26}}},"33":{"name":"onSuccess","line":217,"loc":{"start":{"line":217,"column":2},"end":{"line":217,"column":28}}},"34":{"name":"tryToUnwrap","line":225,"loc":{"start":{"line":225,"column":2},"end":{"line":225,"column":25}}},"35":{"name":"tryCatch","line":235,"loc":{"start":{"line":235,"column":0},"end":{"line":235,"column":31}}},"36":{"name":"resolve","line":248,"loc":{"start":{"line":248,"column":0},"end":{"line":248,"column":24}}},"37":{"name":"reject","line":256,"loc":{"start":{"line":256,"column":0},"end":{"line":256,"column":24}}},"38":{"name":"all","line":262,"loc":{"start":{"line":262,"column":0},"end":{"line":262,"column":23}}},"39":{"name":"allResolver","line":283,"loc":{"start":{"line":283,"column":2},"end":{"line":283,"column":33}}},"40":{"name":"(anonymous_40)","line":284,"loc":{"start":{"line":284,"column":45},"end":{"line":284,"column":62}}},"41":{"name":"resolveFromAll","line":290,"loc":{"start":{"line":290,"column":4},"end":{"line":290,"column":38}}},"42":{"name":"race","line":301,"loc":{"start":{"line":301,"column":0},"end":{"line":301,"column":24}}},"43":{"name":"resolver","line":320,"loc":{"start":{"line":320,"column":2},"end":{"line":320,"column":27}}},"44":{"name":"(anonymous_44)","line":321,"loc":{"start":{"line":321,"column":29},"end":{"line":321,"column":49}}},"45":{"name":"(anonymous_45)","line":326,"loc":{"start":{"line":326,"column":7},"end":{"line":326,"column":24}}},"46":{"name":"(anonymous_46)","line":335,"loc":{"start":{"line":335,"column":14},"end":{"line":335,"column":46}}},"47":{"name":"(anonymous_47)","line":336,"loc":{"start":{"line":336,"column":1},"end":{"line":336,"column":18}}},"48":{"name":"(anonymous_48)","line":343,"loc":{"start":{"line":343,"column":14},"end":{"line":343,"column":46}}},"49":{"name":"(anonymous_49)","line":346,"loc":{"start":{"line":346,"column":84},"end":{"line":346,"column":99}}},"50":{"name":"(anonymous_50)","line":346,"loc":{"start":{"line":346,"column":124},"end":{"line":346,"column":139}}},"51":{"name":"_classCallCheck","line":348,"loc":{"start":{"line":348,"column":0},"end":{"line":348,"column":48}}},"52":{"name":"getIDB","line":350,"loc":{"start":{"line":350,"column":0},"end":{"line":350,"column":18}}},"53":{"name":"isIndexedDBValid","line":373,"loc":{"start":{"line":373,"column":0},"end":{"line":373,"column":28}}},"54":{"name":"isWebSQLValid","line":399,"loc":{"start":{"line":399,"column":0},"end":{"line":399,"column":25}}},"55":{"name":"isLocalStorageValid","line":403,"loc":{"start":{"line":403,"column":0},"end":{"line":403,"column":31}}},"56":{"name":"createBlob","line":417,"loc":{"start":{"line":417,"column":0},"end":{"line":417,"column":39}}},"57":{"name":"executeCallback","line":445,"loc":{"start":{"line":445,"column":0},"end":{"line":445,"column":44}}},"58":{"name":"(anonymous_58)","line":447,"loc":{"start":{"line":447,"column":21},"end":{"line":447,"column":39}}},"59":{"name":"(anonymous_59)","line":449,"loc":{"start":{"line":449,"column":11},"end":{"line":449,"column":28}}},"60":{"name":"executeTwoCallbacks","line":455,"loc":{"start":{"line":455,"column":0},"end":{"line":455,"column":63}}},"61":{"name":"_binStringToArrayBuffer","line":478,"loc":{"start":{"line":478,"column":0},"end":{"line":478,"column":38}}},"62":{"name":"_checkBlobSupportWithoutCaching","line":503,"loc":{"start":{"line":503,"column":0},"end":{"line":503,"column":46}}},"63":{"name":"(anonymous_63)","line":504,"loc":{"start":{"line":504,"column":25},"end":{"line":504,"column":44}}},"64":{"name":"(anonymous_64)","line":509,"loc":{"start":{"line":509,"column":22},"end":{"line":509,"column":35}}},"65":{"name":"(anonymous_65)","line":517,"loc":{"start":{"line":517,"column":25},"end":{"line":517,"column":37}}},"66":{"name":"(anonymous_66)","line":524,"loc":{"start":{"line":524,"column":16},"end":{"line":524,"column":28}}},"67":{"name":"_checkBlobSupport","line":529,"loc":{"start":{"line":529,"column":0},"end":{"line":529,"column":32}}},"68":{"name":"(anonymous_68)","line":533,"loc":{"start":{"line":533,"column":53},"end":{"line":533,"column":70}}},"69":{"name":"_deferReadiness","line":539,"loc":{"start":{"line":539,"column":0},"end":{"line":539,"column":33}}},"70":{"name":"(anonymous_70)","line":545,"loc":{"start":{"line":545,"column":46},"end":{"line":545,"column":65}}},"71":{"name":"(anonymous_71)","line":556,"loc":{"start":{"line":556,"column":51},"end":{"line":556,"column":63}}},"72":{"name":"_advanceReadiness","line":562,"loc":{"start":{"line":562,"column":0},"end":{"line":562,"column":35}}},"73":{"name":"_getConnection","line":575,"loc":{"start":{"line":575,"column":0},"end":{"line":575,"column":47}}},"74":{"name":"(anonymous_74)","line":576,"loc":{"start":{"line":576,"column":25},"end":{"line":576,"column":52}}},"75":{"name":"(anonymous_75)","line":596,"loc":{"start":{"line":596,"column":38},"end":{"line":596,"column":51}}},"76":{"name":"(anonymous_76)","line":614,"loc":{"start":{"line":614,"column":26},"end":{"line":614,"column":39}}},"77":{"name":"(anonymous_77)","line":619,"loc":{"start":{"line":619,"column":28},"end":{"line":619,"column":40}}},"78":{"name":"_getOriginalConnection","line":626,"loc":{"start":{"line":626,"column":0},"end":{"line":626,"column":40}}},"79":{"name":"_getUpgradedConnection","line":630,"loc":{"start":{"line":630,"column":0},"end":{"line":630,"column":40}}},"80":{"name":"_isUpgradeNeeded","line":634,"loc":{"start":{"line":634,"column":0},"end":{"line":634,"column":50}}},"81":{"name":"_encodeBlob","line":671,"loc":{"start":{"line":671,"column":0},"end":{"line":671,"column":27}}},"82":{"name":"(anonymous_82)","line":672,"loc":{"start":{"line":672,"column":25},"end":{"line":672,"column":52}}},"83":{"name":"(anonymous_83)","line":675,"loc":{"start":{"line":675,"column":27},"end":{"line":675,"column":40}}},"84":{"name":"_decodeBlob","line":688,"loc":{"start":{"line":688,"column":0},"end":{"line":688,"column":34}}},"85":{"name":"_isEncodedBlob","line":694,"loc":{"start":{"line":694,"column":0},"end":{"line":694,"column":31}}},"86":{"name":"_fullyReady","line":702,"loc":{"start":{"line":702,"column":0},"end":{"line":702,"column":31}}},"87":{"name":"(anonymous_87)","line":705,"loc":{"start":{"line":705,"column":41},"end":{"line":705,"column":53}}},"88":{"name":"_initStorage","line":719,"loc":{"start":{"line":719,"column":0},"end":{"line":719,"column":31}}},"89":{"name":"ignoreErrors","line":767,"loc":{"start":{"line":767,"column":4},"end":{"line":767,"column":28}}},"90":{"name":"(anonymous_90)","line":786,"loc":{"start":{"line":786,"column":44},"end":{"line":786,"column":56}}},"91":{"name":"(anonymous_91)","line":790,"loc":{"start":{"line":790,"column":12},"end":{"line":790,"column":26}}},"92":{"name":"(anonymous_92)","line":797,"loc":{"start":{"line":797,"column":12},"end":{"line":797,"column":26}}},"93":{"name":"getItem","line":812,"loc":{"start":{"line":812,"column":0},"end":{"line":812,"column":32}}},"94":{"name":"(anonymous_94)","line":821,"loc":{"start":{"line":821,"column":32},"end":{"line":821,"column":59}}},"95":{"name":"(anonymous_95)","line":822,"loc":{"start":{"line":822,"column":26},"end":{"line":822,"column":38}}},"96":{"name":"(anonymous_96)","line":827,"loc":{"start":{"line":827,"column":28},"end":{"line":827,"column":40}}},"97":{"name":"(anonymous_97)","line":838,"loc":{"start":{"line":838,"column":26},"end":{"line":838,"column":38}}},"98":{"name":"iterate","line":849,"loc":{"start":{"line":849,"column":0},"end":{"line":849,"column":37}}},"99":{"name":"(anonymous_99)","line":852,"loc":{"start":{"line":852,"column":32},"end":{"line":852,"column":59}}},"100":{"name":"(anonymous_100)","line":853,"loc":{"start":{"line":853,"column":26},"end":{"line":853,"column":38}}},"101":{"name":"(anonymous_101)","line":860,"loc":{"start":{"line":860,"column":28},"end":{"line":860,"column":40}}},"102":{"name":"(anonymous_102)","line":880,"loc":{"start":{"line":880,"column":26},"end":{"line":880,"column":38}}},"103":{"name":"setItem","line":891,"loc":{"start":{"line":891,"column":0},"end":{"line":891,"column":39}}},"104":{"name":"(anonymous_104)","line":900,"loc":{"start":{"line":900,"column":32},"end":{"line":900,"column":59}}},"105":{"name":"(anonymous_105)","line":902,"loc":{"start":{"line":902,"column":26},"end":{"line":902,"column":38}}},"106":{"name":"(anonymous_106)","line":905,"loc":{"start":{"line":905,"column":57},"end":{"line":905,"column":80}}},"107":{"name":"(anonymous_107)","line":913,"loc":{"start":{"line":913,"column":16},"end":{"line":913,"column":33}}},"108":{"name":"(anonymous_108)","line":926,"loc":{"start":{"line":926,"column":37},"end":{"line":926,"column":49}}},"109":{"name":"(anonymous_109)","line":939,"loc":{"start":{"line":939,"column":56},"end":{"line":939,"column":68}}},"110":{"name":"removeItem","line":950,"loc":{"start":{"line":950,"column":0},"end":{"line":950,"column":35}}},"111":{"name":"(anonymous_111)","line":959,"loc":{"start":{"line":959,"column":32},"end":{"line":959,"column":59}}},"112":{"name":"(anonymous_112)","line":960,"loc":{"start":{"line":960,"column":26},"end":{"line":960,"column":38}}},"113":{"name":"(anonymous_113)","line":971,"loc":{"start":{"line":971,"column":37},"end":{"line":971,"column":49}}},"114":{"name":"(anonymous_114)","line":975,"loc":{"start":{"line":975,"column":34},"end":{"line":975,"column":46}}},"115":{"name":"(anonymous_115)","line":981,"loc":{"start":{"line":981,"column":34},"end":{"line":981,"column":46}}},"116":{"name":"clear","line":992,"loc":{"start":{"line":992,"column":0},"end":{"line":992,"column":25}}},"117":{"name":"(anonymous_117)","line":995,"loc":{"start":{"line":995,"column":32},"end":{"line":995,"column":59}}},"118":{"name":"(anonymous_118)","line":996,"loc":{"start":{"line":996,"column":26},"end":{"line":996,"column":38}}},"119":{"name":"(anonymous_119)","line":1002,"loc":{"start":{"line":1002,"column":37},"end":{"line":1002,"column":49}}},"120":{"name":"(anonymous_120)","line":1006,"loc":{"start":{"line":1006,"column":56},"end":{"line":1006,"column":68}}},"121":{"name":"length","line":1017,"loc":{"start":{"line":1017,"column":0},"end":{"line":1017,"column":26}}},"122":{"name":"(anonymous_122)","line":1020,"loc":{"start":{"line":1020,"column":32},"end":{"line":1020,"column":59}}},"123":{"name":"(anonymous_123)","line":1021,"loc":{"start":{"line":1021,"column":26},"end":{"line":1021,"column":38}}},"124":{"name":"(anonymous_124)","line":1026,"loc":{"start":{"line":1026,"column":28},"end":{"line":1026,"column":40}}},"125":{"name":"(anonymous_125)","line":1030,"loc":{"start":{"line":1030,"column":26},"end":{"line":1030,"column":38}}},"126":{"name":"key","line":1040,"loc":{"start":{"line":1040,"column":0},"end":{"line":1040,"column":26}}},"127":{"name":"(anonymous_127)","line":1043,"loc":{"start":{"line":1043,"column":32},"end":{"line":1043,"column":59}}},"128":{"name":"(anonymous_128)","line":1050,"loc":{"start":{"line":1050,"column":26},"end":{"line":1050,"column":38}}},"129":{"name":"(anonymous_129)","line":1056,"loc":{"start":{"line":1056,"column":28},"end":{"line":1056,"column":40}}},"130":{"name":"(anonymous_130)","line":1082,"loc":{"start":{"line":1082,"column":26},"end":{"line":1082,"column":38}}},"131":{"name":"keys","line":1092,"loc":{"start":{"line":1092,"column":0},"end":{"line":1092,"column":24}}},"132":{"name":"(anonymous_132)","line":1095,"loc":{"start":{"line":1095,"column":32},"end":{"line":1095,"column":59}}},"133":{"name":"(anonymous_133)","line":1096,"loc":{"start":{"line":1096,"column":26},"end":{"line":1096,"column":38}}},"134":{"name":"(anonymous_134)","line":1103,"loc":{"start":{"line":1103,"column":28},"end":{"line":1103,"column":40}}},"135":{"name":"(anonymous_135)","line":1115,"loc":{"start":{"line":1115,"column":26},"end":{"line":1115,"column":38}}},"136":{"name":"stringToBuffer","line":1165,"loc":{"start":{"line":1165,"column":0},"end":{"line":1165,"column":42}}},"137":{"name":"bufferToString","line":1199,"loc":{"start":{"line":1199,"column":0},"end":{"line":1199,"column":32}}},"138":{"name":"serialize","line":1225,"loc":{"start":{"line":1225,"column":0},"end":{"line":1225,"column":36}}},"139":{"name":"(anonymous_139)","line":1275,"loc":{"start":{"line":1275,"column":28},"end":{"line":1275,"column":40}}},"140":{"name":"deserialize","line":1302,"loc
[...]
1,"403":1,"404":1,"405":1,"407":0,"417":1,"419":0,"420":0,"421":0,"422":0,"424":0,"425":0,"427":0,"428":0,"429":0,"430":0,"432":0,"438":1,"441":0,"443":1,"445":1,"446":0,"447":0,"448":0,"450":0,"455":1,"456":2,"457":0,"460":2,"461":0,"468":1,"469":1,"470":1,"471":1,"478":1,"479":0,"480":0,"481":0,"482":0,"483":0,"485":0,"503":1,"504":0,"505":0,"506":0,"507":0,"509":0,"512":0,"513":0,"514":0,"517":0,"518":0,"519":0,"522":0,"525":0,"529":1,"530":0,"531":0,"533":0,"534":0,"535":0,"539":1,"540":0,"543":0,"545":0,"546":0,"550":0,"553":0,"554":0,"556":0,"557":0,"562":1,"563":0,"566":0,"570":0,"571":0,"575":1,"576":0,"578":0,"579":0,"580":0,"581":0,"583":0,"587":0,"589":0,"590":0,"593":0,"595":0,"596":0,"597":0,"598":0,"599":0,"600":0,"602":0,"605":0,"606":0,"608":0,"614":0,"615":0,"616":0,"619":0,"620":0,"621":0,"626":1,"627":0,"630":1,"631":0,"634":1,"635":0,"636":0,"639":0,"640":0,"641":0,"643":0,"646":0,"647":0,"650":0,"653":0,"657":0,"658":0,"659":0,"660":0,"664":0,"667":0,"671":1,"672":0,"673":0,"674":0,"675":0,"676":0,"677":0,"683":0,"688":1,"689":0,"690":0,"694":1,"695":0,"702":1,"703":0,"705":0,"706":0,"708":0,"709":0,"713":0,"714":0,"719":1,"720":0,"721":0,"725":0,"726":0,"727":0,"732":0,"733":0,"737":0,"740":0,"741":0,"752":0,"756":0,"759":0,"760":0,"761":0,"765":0,"767":1,"770":0,"773":0,"774":0,"775":0,"777":0,"782":0,"786":0,"787":0,"789":0,"791":0,"792":0,"794":0,"796":0,"798":0,"799":0,"801":0,"802":0,"803":0,"805":0,"806":0,"812":1,"813":0,"816":0,"817":0,"818":0,"821":0,"822":0,"823":0,"824":0,"825":0,"827":0,"828":0,"829":0,"830":0,"832":0,"833":0,"835":0,"838":0,"839":0,"844":0,"845":0,"849":1,"850":0,"852":0,"853":0,"854":0,"855":0,"857":0,"858":0,"860":0,"861":0,"863":0,"864":0,"865":0,"866":0,"868":0,"870":0,"871":0,"873":0,"876":0,"880":0,"881":0,"886":0,"888":0,"891":1,"892":0,"895":0,"896":0,"897":0,"900":0,"901":0,"902":0,"903":0,"904":0,"905":0,"906":0,"907":0,"909":0,"912":0,"914":0,"915":0,"916":0,"922":0,"923":0,"926":0,"933":0,"934":0,"937":0,"939":0,"940":0,"941":0,"946":0,"947":0,"950":1,"951":0,"954":0,"955":0,"956":0,"959":0,"960":0,"961":0,"962":0,"963":0,"970":0,"971":0,"972":0,"975":0,"976":0,"981":0,"982":0,"983":0,"988":0,"989":0,"992":1,"993":0,"995":0,"996":0,"997":0,"998":0,"999":0,"1000":0,"1002":0,"1003":0,"1006":0,"1007":0,"1008":0,"1013":0,"1014":0,"1017":1,"1018":0,"1020":0,"1021":0,"1022":0,"1023":0,"1024":0,"1026":0,"1027":0,"1030":0,"1031":0,"1036":0,"1037":0,"1040":1,"1041":0,"1043":0,"1044":0,"1045":0,"1047":0,"1050":0,"1051":0,"1052":0,"1054":0,"1055":0,"1056":0,"1057":0,"1058":0,"1060":0,"1062":0,"1065":0,"1068":0,"1070":0,"1073":0,"1074":0,"1077":0,"1082":0,"1083":0,"1088":0,"1089":0,"1092":1,"1093":0,"1095":0,"1096":0,"1097":0,"1098":0,"1100":0,"1101":0,"1103":0,"1104":0,"1106":0,"1107":0,"1108":0,"1111":0,"1112":0,"1115":0,"1116":0,"1121":0,"1122":0,"1125":1,"1141":1,"1143":1,"1144":1,"1146":1,"1147":1,"1150":1,"1151":1,"1152":1,"1153":1,"1154":1,"1155":1,"1156":1,"1157":1,"1158":1,"1159":1,"1160":1,"1161":1,"1163":1,"1165":1,"1167":0,"1168":0,"1169":0,"1170":0,"1171":0,"1173":0,"1174":0,"1175":0,"1176":0,"1180":0,"1181":0,"1183":0,"1184":0,"1185":0,"1186":0,"1187":0,"1190":0,"1191":0,"1192":0,"1194":0,"1199":1,"1201":0,"1202":0,"1203":0,"1205":0,"1207":0,"1208":0,"1209":0,"1210":0,"1213":0,"1214":0,"1215":0,"1216":0,"1219":0,"1225":1,"1226":0,"1227":0,"1228":0,"1235":0,"1238":0,"1239":0,"1241":0,"1242":0,"1243":0,"1245":0,"1247":0,"1248":0,"1249":0,"1250":0,"1251":0,"1252":0,"1253":0,"1254":0,"1255":0,"1256":0,"1257":0,"1258":0,"1259":0,"1260":0,"1261":0,"1262":0,"1263":0,"1264":0,"1266":0,"1270":0,"1271":0,"1273":0,"1275":0,"1277":0,"1279":0,"1282":0,"1284":0,"1285":0,"1287":0,"1289":0,"1302":1,"1306":0,"1307":0,"1313":0,"1314":0,"1316":0,"1319":0,"1320":0,"1321":0,"1322":0,"1324":0,"1328":0,"1330":0,"1332":0,"1334":0,"1336":0,"1338":0,"1340":0,"1342":0,"1344":0,"1346":0,"1348":0,"1350":0,"1352":0,"1356":1,"1374":1,"1375":0,"1376":0,"1380":0,"1381":0,"1382":0,"1386":0,"1389":0,"1390":0,"1392":0,"1396":0,"1397":0,"1398":0,"1399":0,"1401":0,"1406":0,"1407":0,"1410":1,"1411":0,"1414":0,"1415":0,"1416":0,"1419":0,"1420":0,"1421":0,"1422":0,"1423":0,"1424":0,"1428":0,"1429":0,"1432":0,"1435":0,"1441":0,"1442":0,"1445":1,"1446":0,"1448":0,"1449":0,"1450":0,"1452":0,"1453":0,"1454":0,"1455":0,"1457":0,"1458":0,"1459":0,"1463":0,"1464":0,"1467":0,"1471":0,"1472":0,"1473":0,"1477":0,"1479":0,"1485":0,"1486":0,"1489":1,"1490":0,"1493":0,"1494":0,"1495":0,"1498":0,"1499":0,"1503":0,"1504":0,"1508":0,"1510":0,"1511":0,"1512":0,"1513":0,"1515":0,"1516":0,"1517":0,"1519":0,"1524":0,"1532":0,"1533":0,"1534":0,"1536":0,"1544":0,"1545":0,"1548":1,"1549":0,"1552":1,"1553":0,"1556":0,"1557":0,"1558":0,"1561":0,"1562":0,"1563":0,"1564":0,"1565":0,"1566":0,"1569":0,"1575":0,"1576":0,"1581":1,"1582":0,"1584":0,"1585":0,"1586":0,"1587":0,"1588":0,"1589":0,"1591":0,"1597":0,"1598":0,"1603":1,"1604":0,"1606":0,"1607":0,"1608":0,"1609":0,"1611":0,"1612":0,"1614":0,"1617":0,"1623":0,"1624":0,"1634":1,"1635":0,"1637":0,"1638":0,"1639":0,"1640":0,"1641":0,"1642":0,"1643":0,"1645":0,"1651":0,"1652":0,"1655":1,"1656":0,"1658":0,"1659":0,"1660":0,"1661":0,"1662":0,"1663":0,"1665":0,"1666":0,"1669":0,"1672":0,"1678":0,"1679":0,"1682":1,"1696":1,"1697":0,"1698":0,"1699":0,"1700":0,"1701":0,"1705":0,"1707":0,"1708":0,"1711":0,"1712":0,"1714":0,"1719":1,"1720":0,"1721":0,"1722":0,"1724":0,"1725":0,"1727":0,"1728":0,"1733":0,"1734":0,"1740":1,"1741":0,"1744":0,"1745":0,"1746":0,"1749":0,"1750":0,"1751":0,"1757":0,"1758":0,"1761":0,"1764":0,"1765":0,"1769":1,"1770":0,"1772":0,"1773":0,"1774":0,"1775":0,"1776":0,"1784":0,"1786":0,"1787":0,"1788":0,"1789":0,"1791":0,"1797":0,"1798":0,"1801":0,"1803":0,"1804":0,"1809":0,"1810":0,"1814":1,"1815":0,"1816":0,"1817":0,"1818":0,"1819":0,"1820":0,"1822":0,"1826":0,"1827":0,"1830":0,"1833":0,"1834":0,"1837":1,"1838":0,"1839":0,"1840":0,"1841":0,"1842":0,"1844":0,"1845":0,"1846":0,"1850":0,"1853":0,"1854":0,"1858":1,"1859":0,"1860":0,"1861":0,"1864":0,"1865":0,"1869":1,"1870":0,"1873":0,"1874":0,"1875":0,"1878":0,"1879":0,"1880":0,"1883":0,"1884":0,"1891":1,"1892":0,"1895":0,"1896":0,"1897":0,"1900":0,"1903":0,"1904":0,"1908":0,"1910":0,"1911":0,"1912":0,"1913":0,"1914":0,"1916":0,"1917":0,"1918":0,"1922":0,"1923":0,"1925":0,"1932":0,"1933":0,"1936":1,"1952":1,"1954":1,"1960":1,"1962":1,"1964":1,"1975":1,"1981":1,"1983":1,"1985":1,"1987":1,"1988":0,"1991":1,"1992":8,"1993":0,"1994":0,"1995":0,"2000":1,"2001":2,"2002":3,"2004":3,"2005":2,"2006":12,"2007":12,"2008":2,"2010":10,"2017":2,"2020":1,"2021":1,"2022":3,"2023":0,"2027":1,"2030":1,"2031":1,"2032":1,"2034":1,"2035":1,"2036":1,"2038":1,"2039":1,"2040":1,"2041":1,"2042":1,"2043":1,"2045":1,"2046":1,"2055":1,"2059":0,"2062":0,"2063":0,"2066":0,"2067":0,"2068":0,"2071":0,"2072":0,"2075":0,"2080":0,"2081":0,"2084":0,"2085":0,"2086":0,"2088":0,"2096":1,"2097":0,"2098":0,"2099":0,"2100":0,"2101":0,"2105":0,"2106":0,"2107":0,"2109":0,"2110":0,"2111":0,"2114":0,"2115":0,"2116":0,"2117":0,"2118":0,"2119":0,"2123":0,"2124":0,"2125":0,"2126":0,"2128":0,"2132":0,"2133":0,"2134":0,"2135":0,"2138":0,"2142":0,"2143":0,"2146":1,"2147":1,"2150":1,"2151":1,"2152":1,"2153":1,"2154":0,"2156":0,"2158":0,"2160":0,"2162":1,"2163":0,"2165":1,"2168":1,"2169":1,"2172":1,"2173":0,"2174":0,"2175":0,"2178":1,"2179":0,"2181":0,"2182":0,"2183":0,"2186":0,"2189":0,"2190":0,"2193":1,"2194":1,"2196":1,"2197":0,"2200":1,"2202":1,"2203":1,"2206":1,"2207":0,"2208":0,"2210":0,"2211":0,"2214":1,"2215":0,"2216":0,"2218":1,"2219":0,"2220":0,"2221":0,"2223":0,"2224":0,"2226":0,"2229":0,"2230":0,"2231":0,"2232":0,"2235":0,"2242":1,"2243":0,"2246":1,"2247":1,"2248":1,"2249":1,"2251":1,"2252":0,"2253":0,"2254":0,"2255":0,"2258":1,"2259":1,"2260":1,"2261":1,"2264":1,"2265":1,"2268":1,"2269":3,"2272":1,"2273":0,"2276":1,"2277":1,"2278":1,"2279":3,"2280":3,"2281":0,"2284":1,"2287":1,"2292":1,"2293":8,"2297":1,"2298":0,"2301":1,"2308":1,"2310":1}},"/home/travis/build/npmtest/node-npmtest-localforage/node_modules/localforage/Gruntfile.js":{"path":"/home/travis/build/npmtest/node-npmtest-localforage/node_modules/localforage/Gruntfile.js","s":{"1":2,"2":2,"3":0,"4":0,"5":0,"6":0,"7":0,"8":0,"9":0,"10":0,"11":0,"12":0,"13":0,"14":0,"15":0,"16":0,"17":0,"18":0,"19":0,"20":0},"b":{"1":[0,0]},"f":{"1":0,"2":0,"3":0,"4":0},"fnMap":{"1":{"name":"(anonymous_1)","line":12,"loc":{"start":{"line":12,"column":27},"end":{"line":12,"column":43}}},"2":{"name":"getModuleId","line":22,"loc":{"start":{"line":22,"column":32},"end":{"line":22,"column":65}}},"3":{"name":"(anonymous_3)","line":109,"loc":{"start":{"line":109,"column":32},"end":{"line":109,"column":50}}},"4":{"name":"(anonymous_4)","line":111,"loc":{"start":{"line":111,"column":28},"end":{"line":111,"column":53}}}},"statementMap":{"1":{"start":{"line":2,"column":0},"end":{"line":2,"column":27}},"2":{"start":{"line":3,"column":0},"end":{"line":3,"column":79}},"3":{"start":{"line":5,"column":0},"end":{"line":10,"column":2}},"4":{"start":{"line":12,"column":0},"end":{"line":262,"column":2}},"5":{"start":{"line":15,"column":4},"end":{"line":20,"column":24}},"6":{"start":{"line":22,"column":4},"end":{"line":32,"column":6}},"7":{"start":{"line":23,"column":8},"end":{"line":29,"column":10}},"8":{"start":{"line":31,"column":8},"end":{"line":31,"column":67}},"9":{"start":{"line":34,"column":4},"end":{"line":230,"column":7}},"10":{"start":{"line":110,"column":24},"end":{"line":120,"column":26}},"11":{"start":{"line":112,"column":32},"end":{"line":113,"column":51}},"12":{"start":{"line":114,"column":32},"end":{"line":115,"column":51}},"13":{"start":{"line":117,"column":32},"end":{"line":117,"column":46}},"14":{"start":{"line":232,"column":4},"end":{"line":232,"column":39}},"15":{"start":{"line":234,"column":4},"end":{"line":234,"column":65}},"16":{"start":{"line":235,"column":4},"end":{"line":236,"column":48}},"17":{"start":{"line":237,"column":4},"end":{"line":237,"column":68}},"18":{"start":{"line":240,"column":4},"end":{"line":250,"column":6}},"19":{"start":{"line":251,"column":4},"end":{"line":251,"column":56}},"20":{"start":{"line":261,"column":4},"end":{"line":261,"column":42}}},"branchMap":{"1":{"line":31,"type":"binary-expr","locations":[{"start":{"line":31,"column":15},"end":{"line":31,"column":32}},{"start":{"line":31,"column":36},"end":{"line":31,"column":66}}]}},"code":["/* jshint node:true */","var path = require('path');","var saucelabsBrowsers = require(path.resolve('test', 'saucelabs-browsers.js'));","","var sourceFiles = [","    'Gruntfile.js',","    'src/*.js',","    'src/**/*.js',","    'test/**/test.*.js'","];","","module.exports = exports = function(grunt) {","    'use strict';","","    var BANNER = '/*!\\n' +","                 '    localForage -- Offline Storage, Improved\\n' +","                 '    Version ' + grunt.file.readJSON('package.json').version + '\\n' +","                 '    https://localforage.github.io/localForage\\n' +","                 '    (c) 2013-2017 Mozilla, Apache License 2.0\\n' +","                 '*/\\n';","","    var babelModuleIdProvider = function getModuleId(moduleName) {","        var files = {","            'src/localforage': 'localforage',","            'src/utils/serializer': 'localforageSerializer',","            'src/drivers/indexeddb': 'asyncStorage',","            'src/drivers/localstorage': 'localStorageWrapper',","            'src/drivers/websql': 'webSQLStorage'","        };","","        return files[moduleName] || moduleName.replace('src/', '');","    };","","    grunt.initConfig({","        babel: {","            options: {","                babelrc: false,","                extends: path.resolve('.babelrc-umd'),","                moduleIds: true,","                getModuleId: babelModuleIdProvider","            },","            dist: {","                files: {","                    'build/es5src/localforage.js': 'src/localforage.js',","                    'build/es5src/utils/serializer.js': 'src/utils/serializer.js',","                    'build/es5src/drivers/indexeddb.js': 'src/drivers/indexeddb.js',","                    'build/es5src/drivers/localstorage.js': 'src/drivers/localstorage.js',","                    'build/es5src/drivers/websql.js': 'src/drivers/websql.js'","                }","            }","        },","        browserify: {","            package_bundling_test: {","                src: 'test/runner.browserify.js',","                dest: 'test/localforage.browserify.js'","            },","            main: {","                files: {","                    'dist/localforage.js': 'src/localforage.js'","                },","                options: {","                    browserifyOptions: {","                        standalone: 'localforage'","                    },","                    transform: ['rollupify', 'babelify'],","                    plugin: ['bundle-collapser/plugin', 'browserify-derequire']","                }","            },","            no_promises: {","                files: {","                    'dist/localforage.nopromises.js': 'src/localforage.js'","                },","                options: {","                    browserifyOptions: {","                        standalone: 'localforage'","                    },","                    transform: ['rollupify', 'babelify'],","                    plugin: ['bundle-collapser/plugin', 'browserify-derequire'],","                    exclude: ['lie/polyfill']","                }","            }","        },","        concat: {","            options: {","                separator: ''","            },","            localforage: {","                // just to add the BANNER","                // without adding an extra grunt module","                files: {","                    'dist/localforage.js': [","                        'dist/localforage.js'","                    ],","                    'dist/localforage.nopromises.js': [","                        'dist/localforage.nopromises.js'","                    ]","                },","                options: {","                    banner: BANNER","                }","            }","        },","        connect: {","            test: {","                options: {","                    base: '.',","                    hostname: '*',","                    port: 9999,","                    middleware: function(connect) {","                        return [","                            function(req, res, next) {","                                res.setHeader('Access-Control-Allow-Origin',","                                              '*');","                                res.setHeader('Access-Control-Allow-Methods',","                                              '*');","","                                return next();","                            },","                            connect.static(require('path').resolve('.'))","                        ];","                    }","                }","            }","        },","        es3_safe_recast: {","            dist: {","                files: [{","                    src: ['dist/localforage.js'],","                    dest: 'dist/localforage.js'","                }]","            },","            nopromises: {","                files: [{","                    src: ['dist/localforage.nopromises.js'],","                    dest: 'dist/localforage.nopromises.js'","                }]","            }","        },","        jscs: {","            source: sourceFiles","        },","        jshint: {","            options: {","                jshintrc: '.jshintrc'","            },","            source: sourceFiles","        },","        mocha: {","            unit: {","                options: {","                    urls: [","                        'http://localhost:9999/test/test.main.html',","                        'http://localhost:9999/test/test.min.html',","                        'http://localhost:9999/test/test.callwhenready.html',","                        'http://localhost:9999/test/test.customdriver.html',","                        'http://localhost:9999/test/test.faultydriver.html',","                        'http://localhost:9999/test/test.nodriver.html',","                        'http://localhost:9999/test/test.browserify.html',","                        'http://localhost:9999/test/test.require.html',","                        'http://localhost:9999/test/test.webpack.html'","                    ]","                }","            }","        },","        'saucelabs-mocha': {","            all: {","                options: {","                    username: process.env.SAUCE_USERNAME,","                    key: process.env.SAUCE_ACCESS_KEY,","                    urls: ['http://localhost:9999/test/test.main.html'],","                    tunnelTimeout: 5,","                    build: process.env.TRAVIS_JOB_ID,","                    concurrency: 3,","                    browsers: saucelabsBrowsers,","                    testname: 'localForage Tests'","                }","            }","        },","        ts: {","            typing_tests: {","                tsconfig: {","                    tsconfig: 'typing-tests',","                    passThrough: true","                }","            }","        },","        uglify: {","            localforage: {","                files: {","                    'dist/localforage.min.js': ['dist/localforage.js'],","                    'dist/localforage.nopromises.min.js': [","                        'dist/localforage.nopromises.js'","                    ]","                },","                options: {","                    banner: BANNER","                }","            }","        },","        watch: {","            build: {","                files: ['src/*.js', 'src/**/*.js'],","                tasks: ['build']","            },","            /*jshint scripturl:true */","            'mocha:unit': {","                files: [","                    'dist/localforage.js',","                    'test/runner.js',","                    'test/test.*.*'","                ],","                tasks: [","                    'jshint',","                    'jscs',","                    'browserify:package_bundling_test',","                    'webpack:package_bundling_test',","                    'mocha:unit'","                ]","            }","        },","        webpack: {","            package_bundling_test: {","                entry: './test/runner.webpack.js',","                output: {","                    path: 'test/',","                    filename: 'localforage.webpack.js'","                }","            }","        }","    });","","    require('load-grunt-tasks')(grunt);","","    grunt.registerTask('default', ['build', 'connect', 'watch']);","    grunt.registerTask('build', ['browserify:main', 'browserify:no_promises',","        'concat', 'es3_safe_recast', 'uglify']);","    grunt.registerTask('serve', ['build', 'connect:test', 'watch']);","","    // These are the test tasks we run regardless of Sauce Labs credentials.","    var testTasks = [","        'build',","        'babel',","        'jshint',","        'jscs',","        'ts:typing_tests',","        'browserify:package_bundling_test',","        'webpack:package_bundling_test',","        'connect:test',","        'mocha'","    ];","    grunt.registerTask('test:local', testTasks.slice());","","    // Run tests using Sauce Labs if we are on Travis or have locally","    // available Sauce Labs credentials. Use `grunt test:local` to skip","    // Sauce Labs tests.","    // if (process.env.TRAVIS_JOB_ID ||","    //     (process.env.SAUCE_USERNAME && process.env.SAUCE_ACCESS_KEY)) {","    //     testTasks.push('saucelabs-mocha');","    // }","","    grunt.registerTask('test', testTasks);","};",""],"l":{"2":2,"3":2,"5":0,"12":0,"15":0,"22":0,"23":0,"31":0,"34":0,"110":0,"112":0,"114":0,"117":0,"232":0,"234":0,"235":0,"237":0,"240":0,"251":0,"261":0}}}